[2025-04-24T05:47:50.464+0000] {processor.py:186} INFO - Started process (PID=67) to work on /opt/airflow/dags/New_ETL.py
[2025-04-24T05:47:50.465+0000] {processor.py:914} INFO - Processing file /opt/airflow/dags/New_ETL.py for tasks to queue
[2025-04-24T05:47:50.467+0000] {logging_mixin.py:190} INFO - [2025-04-24T05:47:50.467+0000] {dagbag.py:588} INFO - Filling up the DagBag from /opt/airflow/dags/New_ETL.py
[2025-04-24T05:47:50.484+0000] {processor.py:925} INFO - DAG(s) 'news_etl' retrieved from /opt/airflow/dags/New_ETL.py
[2025-04-24T05:47:50.653+0000] {logging_mixin.py:190} INFO - [2025-04-24T05:47:50.653+0000] {override.py:1912} INFO - Created Permission View: can read on DAG:news_etl
[2025-04-24T05:47:50.661+0000] {logging_mixin.py:190} INFO - [2025-04-24T05:47:50.661+0000] {override.py:1912} INFO - Created Permission View: can edit on DAG:news_etl
[2025-04-24T05:47:50.666+0000] {logging_mixin.py:190} INFO - [2025-04-24T05:47:50.665+0000] {override.py:1912} INFO - Created Permission View: can delete on DAG:news_etl
[2025-04-24T05:47:50.672+0000] {logging_mixin.py:190} INFO - [2025-04-24T05:47:50.672+0000] {override.py:1912} INFO - Created Permission View: can create on DAG Run:news_etl
[2025-04-24T05:47:50.678+0000] {logging_mixin.py:190} INFO - [2025-04-24T05:47:50.678+0000] {override.py:1912} INFO - Created Permission View: can read on DAG Run:news_etl
[2025-04-24T05:47:50.685+0000] {logging_mixin.py:190} INFO - [2025-04-24T05:47:50.685+0000] {override.py:1912} INFO - Created Permission View: can delete on DAG Run:news_etl
[2025-04-24T05:47:50.693+0000] {logging_mixin.py:190} INFO - [2025-04-24T05:47:50.693+0000] {override.py:1912} INFO - Created Permission View: menu access on DAG Run:news_etl
[2025-04-24T05:47:50.694+0000] {logging_mixin.py:190} INFO - [2025-04-24T05:47:50.694+0000] {dag.py:3239} INFO - Sync 1 DAGs
[2025-04-24T05:47:50.708+0000] {logging_mixin.py:190} INFO - [2025-04-24T05:47:50.707+0000] {dag.py:3262} INFO - Creating ORM DAG for news_etl
[2025-04-24T05:47:50.709+0000] {logging_mixin.py:190} INFO - [2025-04-24T05:47:50.708+0000] {dag.py:4180} INFO - Setting next_dagrun for news_etl to None, run_after=None
[2025-04-24T05:47:50.725+0000] {processor.py:208} INFO - Processing /opt/airflow/dags/New_ETL.py took 0.265 seconds
[2025-04-24T05:48:20.860+0000] {processor.py:186} INFO - Started process (PID=75) to work on /opt/airflow/dags/New_ETL.py
[2025-04-24T05:48:20.861+0000] {processor.py:914} INFO - Processing file /opt/airflow/dags/New_ETL.py for tasks to queue
[2025-04-24T05:48:20.863+0000] {logging_mixin.py:190} INFO - [2025-04-24T05:48:20.863+0000] {dagbag.py:588} INFO - Filling up the DagBag from /opt/airflow/dags/New_ETL.py
[2025-04-24T05:48:20.888+0000] {processor.py:925} INFO - DAG(s) 'news_etl' retrieved from /opt/airflow/dags/New_ETL.py
[2025-04-24T05:48:20.908+0000] {logging_mixin.py:190} INFO - [2025-04-24T05:48:20.907+0000] {dag.py:3239} INFO - Sync 1 DAGs
[2025-04-24T05:48:20.920+0000] {logging_mixin.py:190} INFO - [2025-04-24T05:48:20.920+0000] {dag.py:4180} INFO - Setting next_dagrun for news_etl to None, run_after=None
[2025-04-24T05:48:20.935+0000] {processor.py:208} INFO - Processing /opt/airflow/dags/New_ETL.py took 0.081 seconds
[2025-04-24T05:48:51.287+0000] {processor.py:186} INFO - Started process (PID=83) to work on /opt/airflow/dags/New_ETL.py
[2025-04-24T05:48:51.288+0000] {processor.py:914} INFO - Processing file /opt/airflow/dags/New_ETL.py for tasks to queue
[2025-04-24T05:48:51.290+0000] {logging_mixin.py:190} INFO - [2025-04-24T05:48:51.289+0000] {dagbag.py:588} INFO - Filling up the DagBag from /opt/airflow/dags/New_ETL.py
[2025-04-24T05:48:51.299+0000] {processor.py:925} INFO - DAG(s) 'news_etl' retrieved from /opt/airflow/dags/New_ETL.py
[2025-04-24T05:48:51.319+0000] {logging_mixin.py:190} INFO - [2025-04-24T05:48:51.319+0000] {dag.py:3239} INFO - Sync 1 DAGs
[2025-04-24T05:48:51.329+0000] {logging_mixin.py:190} INFO - [2025-04-24T05:48:51.329+0000] {dag.py:4180} INFO - Setting next_dagrun for news_etl to None, run_after=None
[2025-04-24T05:48:51.342+0000] {processor.py:208} INFO - Processing /opt/airflow/dags/New_ETL.py took 0.058 seconds
[2025-04-24T05:49:50.502+0000] {processor.py:186} INFO - Started process (PID=91) to work on /opt/airflow/dags/New_ETL.py
[2025-04-24T05:49:50.503+0000] {processor.py:914} INFO - Processing file /opt/airflow/dags/New_ETL.py for tasks to queue
[2025-04-24T05:49:50.505+0000] {logging_mixin.py:190} INFO - [2025-04-24T05:49:50.505+0000] {dagbag.py:588} INFO - Filling up the DagBag from /opt/airflow/dags/New_ETL.py
[2025-04-24T05:49:50.525+0000] {processor.py:925} INFO - DAG(s) 'news_etl' retrieved from /opt/airflow/dags/New_ETL.py
[2025-04-24T05:49:50.551+0000] {logging_mixin.py:190} INFO - [2025-04-24T05:49:50.551+0000] {dag.py:3239} INFO - Sync 1 DAGs
[2025-04-24T05:49:50.562+0000] {logging_mixin.py:190} INFO - [2025-04-24T05:49:50.562+0000] {dag.py:4180} INFO - Setting next_dagrun for news_etl to None, run_after=None
[2025-04-24T05:49:50.575+0000] {processor.py:208} INFO - Processing /opt/airflow/dags/New_ETL.py took 0.077 seconds
[2025-04-24T05:50:20.860+0000] {processor.py:186} INFO - Started process (PID=99) to work on /opt/airflow/dags/New_ETL.py
[2025-04-24T05:50:20.861+0000] {processor.py:914} INFO - Processing file /opt/airflow/dags/New_ETL.py for tasks to queue
[2025-04-24T05:50:20.862+0000] {logging_mixin.py:190} INFO - [2025-04-24T05:50:20.862+0000] {dagbag.py:588} INFO - Filling up the DagBag from /opt/airflow/dags/New_ETL.py
[2025-04-24T05:50:20.874+0000] {processor.py:925} INFO - DAG(s) 'news_etl' retrieved from /opt/airflow/dags/New_ETL.py
[2025-04-24T05:50:20.907+0000] {logging_mixin.py:190} INFO - [2025-04-24T05:50:20.907+0000] {dag.py:3239} INFO - Sync 1 DAGs
[2025-04-24T05:50:20.919+0000] {logging_mixin.py:190} INFO - [2025-04-24T05:50:20.919+0000] {dag.py:4180} INFO - Setting next_dagrun for news_etl to None, run_after=None
[2025-04-24T05:50:21.248+0000] {processor.py:208} INFO - Processing /opt/airflow/dags/New_ETL.py took 0.392 seconds
[2025-04-24T05:50:51.518+0000] {processor.py:186} INFO - Started process (PID=107) to work on /opt/airflow/dags/New_ETL.py
[2025-04-24T05:50:51.519+0000] {processor.py:914} INFO - Processing file /opt/airflow/dags/New_ETL.py for tasks to queue
[2025-04-24T05:50:51.520+0000] {logging_mixin.py:190} INFO - [2025-04-24T05:50:51.520+0000] {dagbag.py:588} INFO - Filling up the DagBag from /opt/airflow/dags/New_ETL.py
[2025-04-24T05:50:51.530+0000] {processor.py:925} INFO - DAG(s) 'news_etl' retrieved from /opt/airflow/dags/New_ETL.py
[2025-04-24T05:50:51.548+0000] {logging_mixin.py:190} INFO - [2025-04-24T05:50:51.548+0000] {dag.py:3239} INFO - Sync 1 DAGs
[2025-04-24T05:50:51.557+0000] {logging_mixin.py:190} INFO - [2025-04-24T05:50:51.557+0000] {dag.py:4180} INFO - Setting next_dagrun for news_etl to None, run_after=None
[2025-04-24T05:50:51.571+0000] {processor.py:208} INFO - Processing /opt/airflow/dags/New_ETL.py took 0.057 seconds
[2025-04-24T05:51:21.837+0000] {processor.py:186} INFO - Started process (PID=115) to work on /opt/airflow/dags/New_ETL.py
[2025-04-24T05:51:21.838+0000] {processor.py:914} INFO - Processing file /opt/airflow/dags/New_ETL.py for tasks to queue
[2025-04-24T05:51:21.842+0000] {logging_mixin.py:190} INFO - [2025-04-24T05:51:21.841+0000] {dagbag.py:588} INFO - Filling up the DagBag from /opt/airflow/dags/New_ETL.py
[2025-04-24T05:51:21.920+0000] {processor.py:925} INFO - DAG(s) 'news_etl' retrieved from /opt/airflow/dags/New_ETL.py
[2025-04-24T05:51:21.943+0000] {logging_mixin.py:190} INFO - [2025-04-24T05:51:21.942+0000] {dag.py:3239} INFO - Sync 1 DAGs
[2025-04-24T05:51:21.952+0000] {logging_mixin.py:190} INFO - [2025-04-24T05:51:21.952+0000] {dag.py:4180} INFO - Setting next_dagrun for news_etl to None, run_after=None
[2025-04-24T05:51:21.965+0000] {processor.py:208} INFO - Processing /opt/airflow/dags/New_ETL.py took 0.134 seconds
[2025-04-24T05:51:52.337+0000] {processor.py:186} INFO - Started process (PID=123) to work on /opt/airflow/dags/New_ETL.py
[2025-04-24T05:51:52.338+0000] {processor.py:914} INFO - Processing file /opt/airflow/dags/New_ETL.py for tasks to queue
[2025-04-24T05:51:52.340+0000] {logging_mixin.py:190} INFO - [2025-04-24T05:51:52.339+0000] {dagbag.py:588} INFO - Filling up the DagBag from /opt/airflow/dags/New_ETL.py
[2025-04-24T05:51:52.348+0000] {processor.py:925} INFO - DAG(s) 'news_etl' retrieved from /opt/airflow/dags/New_ETL.py
[2025-04-24T05:51:52.365+0000] {logging_mixin.py:190} INFO - [2025-04-24T05:51:52.365+0000] {dag.py:3239} INFO - Sync 1 DAGs
[2025-04-24T05:51:52.375+0000] {logging_mixin.py:190} INFO - [2025-04-24T05:51:52.374+0000] {dag.py:4180} INFO - Setting next_dagrun for news_etl to None, run_after=None
[2025-04-24T05:51:52.386+0000] {processor.py:208} INFO - Processing /opt/airflow/dags/New_ETL.py took 0.053 seconds
[2025-04-24T05:52:22.717+0000] {processor.py:186} INFO - Started process (PID=132) to work on /opt/airflow/dags/New_ETL.py
[2025-04-24T05:52:22.718+0000] {processor.py:914} INFO - Processing file /opt/airflow/dags/New_ETL.py for tasks to queue
[2025-04-24T05:52:22.719+0000] {logging_mixin.py:190} INFO - [2025-04-24T05:52:22.719+0000] {dagbag.py:588} INFO - Filling up the DagBag from /opt/airflow/dags/New_ETL.py
[2025-04-24T05:52:22.729+0000] {processor.py:925} INFO - DAG(s) 'news_etl' retrieved from /opt/airflow/dags/New_ETL.py
[2025-04-24T05:52:22.745+0000] {logging_mixin.py:190} INFO - [2025-04-24T05:52:22.744+0000] {dag.py:3239} INFO - Sync 1 DAGs
[2025-04-24T05:52:22.754+0000] {logging_mixin.py:190} INFO - [2025-04-24T05:52:22.754+0000] {dag.py:4180} INFO - Setting next_dagrun for news_etl to None, run_after=None
[2025-04-24T05:52:22.874+0000] {processor.py:208} INFO - Processing /opt/airflow/dags/New_ETL.py took 0.161 seconds
[2025-04-24T05:56:22.219+0000] {processor.py:186} INFO - Started process (PID=113) to work on /opt/airflow/dags/New_ETL.py
[2025-04-24T05:56:22.221+0000] {processor.py:914} INFO - Processing file /opt/airflow/dags/New_ETL.py for tasks to queue
[2025-04-24T05:56:22.224+0000] {logging_mixin.py:190} INFO - [2025-04-24T05:56:22.224+0000] {dagbag.py:588} INFO - Filling up the DagBag from /opt/airflow/dags/New_ETL.py
[2025-04-24T05:56:22.245+0000] {processor.py:925} INFO - DAG(s) 'news_etl' retrieved from /opt/airflow/dags/New_ETL.py
[2025-04-24T05:56:22.407+0000] {logging_mixin.py:190} INFO - [2025-04-24T05:56:22.406+0000] {override.py:1912} INFO - Created Permission View: can read on DAG:news_etl
[2025-04-24T05:56:22.414+0000] {logging_mixin.py:190} INFO - [2025-04-24T05:56:22.414+0000] {override.py:1912} INFO - Created Permission View: can edit on DAG:news_etl
[2025-04-24T05:56:22.418+0000] {logging_mixin.py:190} INFO - [2025-04-24T05:56:22.418+0000] {override.py:1912} INFO - Created Permission View: can delete on DAG:news_etl
[2025-04-24T05:56:22.424+0000] {logging_mixin.py:190} INFO - [2025-04-24T05:56:22.423+0000] {override.py:1912} INFO - Created Permission View: can read on DAG Run:news_etl
[2025-04-24T05:56:22.428+0000] {logging_mixin.py:190} INFO - [2025-04-24T05:56:22.428+0000] {override.py:1912} INFO - Created Permission View: can create on DAG Run:news_etl
[2025-04-24T05:56:22.432+0000] {logging_mixin.py:190} INFO - [2025-04-24T05:56:22.432+0000] {override.py:1912} INFO - Created Permission View: menu access on DAG Run:news_etl
[2025-04-24T05:56:22.436+0000] {logging_mixin.py:190} INFO - [2025-04-24T05:56:22.436+0000] {override.py:1912} INFO - Created Permission View: can delete on DAG Run:news_etl
[2025-04-24T05:56:22.436+0000] {logging_mixin.py:190} INFO - [2025-04-24T05:56:22.436+0000] {dag.py:3239} INFO - Sync 1 DAGs
[2025-04-24T05:56:22.445+0000] {logging_mixin.py:190} INFO - [2025-04-24T05:56:22.445+0000] {dag.py:3262} INFO - Creating ORM DAG for news_etl
[2025-04-24T05:56:22.446+0000] {logging_mixin.py:190} INFO - [2025-04-24T05:56:22.446+0000] {dag.py:4180} INFO - Setting next_dagrun for news_etl to None, run_after=None
[2025-04-24T05:56:22.461+0000] {processor.py:208} INFO - Processing /opt/airflow/dags/New_ETL.py took 0.247 seconds
[2025-04-24T05:56:52.526+0000] {processor.py:186} INFO - Started process (PID=121) to work on /opt/airflow/dags/New_ETL.py
[2025-04-24T05:56:52.527+0000] {processor.py:914} INFO - Processing file /opt/airflow/dags/New_ETL.py for tasks to queue
[2025-04-24T05:56:52.529+0000] {logging_mixin.py:190} INFO - [2025-04-24T05:56:52.529+0000] {dagbag.py:588} INFO - Filling up the DagBag from /opt/airflow/dags/New_ETL.py
[2025-04-24T05:56:52.546+0000] {processor.py:925} INFO - DAG(s) 'news_etl' retrieved from /opt/airflow/dags/New_ETL.py
[2025-04-24T05:56:52.563+0000] {logging_mixin.py:190} INFO - [2025-04-24T05:56:52.563+0000] {dag.py:3239} INFO - Sync 1 DAGs
[2025-04-24T05:56:52.572+0000] {logging_mixin.py:190} INFO - [2025-04-24T05:56:52.572+0000] {dag.py:4180} INFO - Setting next_dagrun for news_etl to None, run_after=None
[2025-04-24T05:56:52.585+0000] {processor.py:208} INFO - Processing /opt/airflow/dags/New_ETL.py took 0.065 seconds
[2025-04-24T05:57:22.848+0000] {processor.py:186} INFO - Started process (PID=129) to work on /opt/airflow/dags/New_ETL.py
[2025-04-24T05:57:22.849+0000] {processor.py:914} INFO - Processing file /opt/airflow/dags/New_ETL.py for tasks to queue
[2025-04-24T05:57:22.851+0000] {logging_mixin.py:190} INFO - [2025-04-24T05:57:22.851+0000] {dagbag.py:588} INFO - Filling up the DagBag from /opt/airflow/dags/New_ETL.py
[2025-04-24T05:57:22.866+0000] {processor.py:925} INFO - DAG(s) 'news_etl' retrieved from /opt/airflow/dags/New_ETL.py
[2025-04-24T05:57:22.884+0000] {logging_mixin.py:190} INFO - [2025-04-24T05:57:22.884+0000] {dag.py:3239} INFO - Sync 1 DAGs
[2025-04-24T05:57:22.894+0000] {logging_mixin.py:190} INFO - [2025-04-24T05:57:22.894+0000] {dag.py:4180} INFO - Setting next_dagrun for news_etl to None, run_after=None
[2025-04-24T05:57:22.907+0000] {processor.py:208} INFO - Processing /opt/airflow/dags/New_ETL.py took 0.063 seconds
[2025-04-24T05:57:53.214+0000] {processor.py:186} INFO - Started process (PID=137) to work on /opt/airflow/dags/New_ETL.py
[2025-04-24T05:57:53.215+0000] {processor.py:914} INFO - Processing file /opt/airflow/dags/New_ETL.py for tasks to queue
[2025-04-24T05:57:53.217+0000] {logging_mixin.py:190} INFO - [2025-04-24T05:57:53.217+0000] {dagbag.py:588} INFO - Filling up the DagBag from /opt/airflow/dags/New_ETL.py
[2025-04-24T05:57:53.228+0000] {processor.py:925} INFO - DAG(s) 'news_etl' retrieved from /opt/airflow/dags/New_ETL.py
[2025-04-24T05:57:53.245+0000] {logging_mixin.py:190} INFO - [2025-04-24T05:57:53.245+0000] {dag.py:3239} INFO - Sync 1 DAGs
[2025-04-24T05:57:53.254+0000] {logging_mixin.py:190} INFO - [2025-04-24T05:57:53.254+0000] {dag.py:4180} INFO - Setting next_dagrun for news_etl to None, run_after=None
[2025-04-24T05:57:53.267+0000] {processor.py:208} INFO - Processing /opt/airflow/dags/New_ETL.py took 0.057 seconds
[2025-04-24T05:58:43.983+0000] {processor.py:186} INFO - Started process (PID=113) to work on /opt/airflow/dags/New_ETL.py
[2025-04-24T05:58:43.983+0000] {processor.py:914} INFO - Processing file /opt/airflow/dags/New_ETL.py for tasks to queue
[2025-04-24T05:58:43.985+0000] {logging_mixin.py:190} INFO - [2025-04-24T05:58:43.985+0000] {dagbag.py:588} INFO - Filling up the DagBag from /opt/airflow/dags/New_ETL.py
[2025-04-24T05:58:44.002+0000] {processor.py:925} INFO - DAG(s) 'news_etl' retrieved from /opt/airflow/dags/New_ETL.py
[2025-04-24T05:58:44.162+0000] {logging_mixin.py:190} INFO - [2025-04-24T05:58:44.161+0000] {override.py:1912} INFO - Created Permission View: can edit on DAG:news_etl
[2025-04-24T05:58:44.171+0000] {logging_mixin.py:190} INFO - [2025-04-24T05:58:44.171+0000] {override.py:1912} INFO - Created Permission View: can read on DAG:news_etl
[2025-04-24T05:58:44.178+0000] {logging_mixin.py:190} INFO - [2025-04-24T05:58:44.177+0000] {override.py:1912} INFO - Created Permission View: can delete on DAG:news_etl
[2025-04-24T05:58:44.185+0000] {logging_mixin.py:190} INFO - [2025-04-24T05:58:44.185+0000] {override.py:1912} INFO - Created Permission View: menu access on DAG Run:news_etl
[2025-04-24T05:58:44.192+0000] {logging_mixin.py:190} INFO - [2025-04-24T05:58:44.192+0000] {override.py:1912} INFO - Created Permission View: can read on DAG Run:news_etl
[2025-04-24T05:58:44.200+0000] {logging_mixin.py:190} INFO - [2025-04-24T05:58:44.199+0000] {override.py:1912} INFO - Created Permission View: can create on DAG Run:news_etl
[2025-04-24T05:58:44.206+0000] {logging_mixin.py:190} INFO - [2025-04-24T05:58:44.206+0000] {override.py:1912} INFO - Created Permission View: can delete on DAG Run:news_etl
[2025-04-24T05:58:44.207+0000] {logging_mixin.py:190} INFO - [2025-04-24T05:58:44.206+0000] {dag.py:3239} INFO - Sync 1 DAGs
[2025-04-24T05:58:44.218+0000] {logging_mixin.py:190} INFO - [2025-04-24T05:58:44.218+0000] {dag.py:3262} INFO - Creating ORM DAG for news_etl
[2025-04-24T05:58:44.219+0000] {logging_mixin.py:190} INFO - [2025-04-24T05:58:44.219+0000] {dag.py:4180} INFO - Setting next_dagrun for news_etl to None, run_after=None
[2025-04-24T05:58:44.236+0000] {processor.py:208} INFO - Processing /opt/airflow/dags/New_ETL.py took 0.259 seconds
[2025-04-24T05:59:14.295+0000] {processor.py:186} INFO - Started process (PID=121) to work on /opt/airflow/dags/New_ETL.py
[2025-04-24T05:59:14.296+0000] {processor.py:914} INFO - Processing file /opt/airflow/dags/New_ETL.py for tasks to queue
[2025-04-24T05:59:14.297+0000] {logging_mixin.py:190} INFO - [2025-04-24T05:59:14.297+0000] {dagbag.py:588} INFO - Filling up the DagBag from /opt/airflow/dags/New_ETL.py
[2025-04-24T05:59:14.312+0000] {processor.py:925} INFO - DAG(s) 'news_etl' retrieved from /opt/airflow/dags/New_ETL.py
[2025-04-24T05:59:14.331+0000] {logging_mixin.py:190} INFO - [2025-04-24T05:59:14.331+0000] {dag.py:3239} INFO - Sync 1 DAGs
[2025-04-24T05:59:14.343+0000] {logging_mixin.py:190} INFO - [2025-04-24T05:59:14.343+0000] {dag.py:4180} INFO - Setting next_dagrun for news_etl to None, run_after=None
[2025-04-24T05:59:14.357+0000] {processor.py:208} INFO - Processing /opt/airflow/dags/New_ETL.py took 0.069 seconds
[2025-04-24T05:59:44.569+0000] {processor.py:186} INFO - Started process (PID=129) to work on /opt/airflow/dags/New_ETL.py
[2025-04-24T05:59:44.569+0000] {processor.py:914} INFO - Processing file /opt/airflow/dags/New_ETL.py for tasks to queue
[2025-04-24T05:59:44.571+0000] {logging_mixin.py:190} INFO - [2025-04-24T05:59:44.571+0000] {dagbag.py:588} INFO - Filling up the DagBag from /opt/airflow/dags/New_ETL.py
[2025-04-24T05:59:44.581+0000] {processor.py:925} INFO - DAG(s) 'news_etl' retrieved from /opt/airflow/dags/New_ETL.py
[2025-04-24T05:59:44.601+0000] {logging_mixin.py:190} INFO - [2025-04-24T05:59:44.601+0000] {dag.py:3239} INFO - Sync 1 DAGs
[2025-04-24T05:59:44.611+0000] {logging_mixin.py:190} INFO - [2025-04-24T05:59:44.611+0000] {dag.py:4180} INFO - Setting next_dagrun for news_etl to None, run_after=None
[2025-04-24T05:59:44.626+0000] {processor.py:208} INFO - Processing /opt/airflow/dags/New_ETL.py took 0.061 seconds
[2025-04-24T06:00:14.848+0000] {processor.py:186} INFO - Started process (PID=137) to work on /opt/airflow/dags/New_ETL.py
[2025-04-24T06:00:14.849+0000] {processor.py:914} INFO - Processing file /opt/airflow/dags/New_ETL.py for tasks to queue
[2025-04-24T06:00:14.851+0000] {logging_mixin.py:190} INFO - [2025-04-24T06:00:14.850+0000] {dagbag.py:588} INFO - Filling up the DagBag from /opt/airflow/dags/New_ETL.py
[2025-04-24T06:00:14.864+0000] {processor.py:925} INFO - DAG(s) 'news_etl' retrieved from /opt/airflow/dags/New_ETL.py
[2025-04-24T06:00:14.884+0000] {logging_mixin.py:190} INFO - [2025-04-24T06:00:14.884+0000] {dag.py:3239} INFO - Sync 1 DAGs
[2025-04-24T06:00:14.903+0000] {logging_mixin.py:190} INFO - [2025-04-24T06:00:14.903+0000] {dag.py:4180} INFO - Setting next_dagrun for news_etl to None, run_after=None
[2025-04-24T06:00:14.927+0000] {processor.py:208} INFO - Processing /opt/airflow/dags/New_ETL.py took 0.083 seconds
[2025-04-24T06:00:45.249+0000] {processor.py:186} INFO - Started process (PID=145) to work on /opt/airflow/dags/New_ETL.py
[2025-04-24T06:00:45.249+0000] {processor.py:914} INFO - Processing file /opt/airflow/dags/New_ETL.py for tasks to queue
[2025-04-24T06:00:45.251+0000] {logging_mixin.py:190} INFO - [2025-04-24T06:00:45.251+0000] {dagbag.py:588} INFO - Filling up the DagBag from /opt/airflow/dags/New_ETL.py
[2025-04-24T06:00:45.261+0000] {processor.py:925} INFO - DAG(s) 'news_etl' retrieved from /opt/airflow/dags/New_ETL.py
[2025-04-24T06:00:45.280+0000] {logging_mixin.py:190} INFO - [2025-04-24T06:00:45.280+0000] {dag.py:3239} INFO - Sync 1 DAGs
[2025-04-24T06:00:45.291+0000] {logging_mixin.py:190} INFO - [2025-04-24T06:00:45.291+0000] {dag.py:4180} INFO - Setting next_dagrun for news_etl to None, run_after=None
[2025-04-24T06:00:45.306+0000] {processor.py:208} INFO - Processing /opt/airflow/dags/New_ETL.py took 0.061 seconds
[2025-04-24T06:01:15.610+0000] {processor.py:186} INFO - Started process (PID=159) to work on /opt/airflow/dags/New_ETL.py
[2025-04-24T06:01:15.610+0000] {processor.py:914} INFO - Processing file /opt/airflow/dags/New_ETL.py for tasks to queue
[2025-04-24T06:01:15.612+0000] {logging_mixin.py:190} INFO - [2025-04-24T06:01:15.612+0000] {dagbag.py:588} INFO - Filling up the DagBag from /opt/airflow/dags/New_ETL.py
[2025-04-24T06:01:15.622+0000] {processor.py:925} INFO - DAG(s) 'news_etl' retrieved from /opt/airflow/dags/New_ETL.py
[2025-04-24T06:01:15.637+0000] {logging_mixin.py:190} INFO - [2025-04-24T06:01:15.637+0000] {dag.py:3239} INFO - Sync 1 DAGs
[2025-04-24T06:01:15.647+0000] {logging_mixin.py:190} INFO - [2025-04-24T06:01:15.647+0000] {dag.py:4180} INFO - Setting next_dagrun for news_etl to None, run_after=None
[2025-04-24T06:01:15.660+0000] {processor.py:208} INFO - Processing /opt/airflow/dags/New_ETL.py took 0.054 seconds
[2025-04-24T06:01:45.906+0000] {processor.py:186} INFO - Started process (PID=167) to work on /opt/airflow/dags/New_ETL.py
[2025-04-24T06:01:45.907+0000] {processor.py:914} INFO - Processing file /opt/airflow/dags/New_ETL.py for tasks to queue
[2025-04-24T06:01:45.908+0000] {logging_mixin.py:190} INFO - [2025-04-24T06:01:45.908+0000] {dagbag.py:588} INFO - Filling up the DagBag from /opt/airflow/dags/New_ETL.py
[2025-04-24T06:01:45.922+0000] {processor.py:925} INFO - DAG(s) 'news_etl' retrieved from /opt/airflow/dags/New_ETL.py
[2025-04-24T06:01:45.939+0000] {logging_mixin.py:190} INFO - [2025-04-24T06:01:45.939+0000] {dag.py:3239} INFO - Sync 1 DAGs
[2025-04-24T06:01:45.948+0000] {logging_mixin.py:190} INFO - [2025-04-24T06:01:45.948+0000] {dag.py:4180} INFO - Setting next_dagrun for news_etl to None, run_after=None
[2025-04-24T06:01:45.961+0000] {processor.py:208} INFO - Processing /opt/airflow/dags/New_ETL.py took 0.059 seconds
[2025-04-24T06:02:33.436+0000] {processor.py:186} INFO - Started process (PID=112) to work on /opt/airflow/dags/New_ETL.py
[2025-04-24T06:02:33.437+0000] {processor.py:914} INFO - Processing file /opt/airflow/dags/New_ETL.py for tasks to queue
[2025-04-24T06:02:33.439+0000] {logging_mixin.py:190} INFO - [2025-04-24T06:02:33.439+0000] {dagbag.py:588} INFO - Filling up the DagBag from /opt/airflow/dags/New_ETL.py
[2025-04-24T06:02:33.458+0000] {processor.py:925} INFO - DAG(s) 'news_etl' retrieved from /opt/airflow/dags/New_ETL.py
[2025-04-24T06:02:33.634+0000] {logging_mixin.py:190} INFO - [2025-04-24T06:02:33.634+0000] {override.py:1912} INFO - Created Permission View: can read on DAG:news_etl
[2025-04-24T06:02:33.641+0000] {logging_mixin.py:190} INFO - [2025-04-24T06:02:33.641+0000] {override.py:1912} INFO - Created Permission View: can delete on DAG:news_etl
[2025-04-24T06:02:33.646+0000] {logging_mixin.py:190} INFO - [2025-04-24T06:02:33.646+0000] {override.py:1912} INFO - Created Permission View: can edit on DAG:news_etl
[2025-04-24T06:02:33.651+0000] {logging_mixin.py:190} INFO - [2025-04-24T06:02:33.651+0000] {override.py:1912} INFO - Created Permission View: menu access on DAG Run:news_etl
[2025-04-24T06:02:33.656+0000] {logging_mixin.py:190} INFO - [2025-04-24T06:02:33.655+0000] {override.py:1912} INFO - Created Permission View: can read on DAG Run:news_etl
[2025-04-24T06:02:33.660+0000] {logging_mixin.py:190} INFO - [2025-04-24T06:02:33.660+0000] {override.py:1912} INFO - Created Permission View: can delete on DAG Run:news_etl
[2025-04-24T06:02:33.664+0000] {logging_mixin.py:190} INFO - [2025-04-24T06:02:33.664+0000] {override.py:1912} INFO - Created Permission View: can create on DAG Run:news_etl
[2025-04-24T06:02:33.665+0000] {logging_mixin.py:190} INFO - [2025-04-24T06:02:33.665+0000] {dag.py:3239} INFO - Sync 1 DAGs
[2025-04-24T06:02:33.675+0000] {logging_mixin.py:190} INFO - [2025-04-24T06:02:33.674+0000] {dag.py:3262} INFO - Creating ORM DAG for news_etl
[2025-04-24T06:02:33.676+0000] {logging_mixin.py:190} INFO - [2025-04-24T06:02:33.675+0000] {dag.py:4180} INFO - Setting next_dagrun for news_etl to None, run_after=None
[2025-04-24T06:02:33.689+0000] {processor.py:208} INFO - Processing /opt/airflow/dags/New_ETL.py took 0.259 seconds
[2025-04-24T06:03:03.966+0000] {processor.py:186} INFO - Started process (PID=120) to work on /opt/airflow/dags/New_ETL.py
[2025-04-24T06:03:03.967+0000] {processor.py:914} INFO - Processing file /opt/airflow/dags/New_ETL.py for tasks to queue
[2025-04-24T06:03:03.970+0000] {logging_mixin.py:190} INFO - [2025-04-24T06:03:03.970+0000] {dagbag.py:588} INFO - Filling up the DagBag from /opt/airflow/dags/New_ETL.py
[2025-04-24T06:03:03.985+0000] {processor.py:925} INFO - DAG(s) 'news_etl' retrieved from /opt/airflow/dags/New_ETL.py
[2025-04-24T06:03:04.007+0000] {logging_mixin.py:190} INFO - [2025-04-24T06:03:04.007+0000] {dag.py:3239} INFO - Sync 1 DAGs
[2025-04-24T06:03:04.019+0000] {logging_mixin.py:190} INFO - [2025-04-24T06:03:04.019+0000] {dag.py:4180} INFO - Setting next_dagrun for news_etl to None, run_after=None
[2025-04-24T06:03:04.033+0000] {processor.py:208} INFO - Processing /opt/airflow/dags/New_ETL.py took 0.072 seconds
[2025-04-24T06:03:34.342+0000] {processor.py:186} INFO - Started process (PID=128) to work on /opt/airflow/dags/New_ETL.py
[2025-04-24T06:03:34.343+0000] {processor.py:914} INFO - Processing file /opt/airflow/dags/New_ETL.py for tasks to queue
[2025-04-24T06:03:34.344+0000] {logging_mixin.py:190} INFO - [2025-04-24T06:03:34.344+0000] {dagbag.py:588} INFO - Filling up the DagBag from /opt/airflow/dags/New_ETL.py
[2025-04-24T06:03:34.356+0000] {processor.py:925} INFO - DAG(s) 'news_etl' retrieved from /opt/airflow/dags/New_ETL.py
[2025-04-24T06:03:34.372+0000] {logging_mixin.py:190} INFO - [2025-04-24T06:03:34.371+0000] {dag.py:3239} INFO - Sync 1 DAGs
[2025-04-24T06:03:34.380+0000] {logging_mixin.py:190} INFO - [2025-04-24T06:03:34.380+0000] {dag.py:4180} INFO - Setting next_dagrun for news_etl to None, run_after=None
[2025-04-24T06:03:34.391+0000] {processor.py:208} INFO - Processing /opt/airflow/dags/New_ETL.py took 0.053 seconds
[2025-04-24T06:04:04.707+0000] {processor.py:186} INFO - Started process (PID=142) to work on /opt/airflow/dags/New_ETL.py
[2025-04-24T06:04:04.708+0000] {processor.py:914} INFO - Processing file /opt/airflow/dags/New_ETL.py for tasks to queue
[2025-04-24T06:04:04.710+0000] {logging_mixin.py:190} INFO - [2025-04-24T06:04:04.709+0000] {dagbag.py:588} INFO - Filling up the DagBag from /opt/airflow/dags/New_ETL.py
[2025-04-24T06:04:04.726+0000] {processor.py:925} INFO - DAG(s) 'news_etl' retrieved from /opt/airflow/dags/New_ETL.py
[2025-04-24T06:04:04.744+0000] {logging_mixin.py:190} INFO - [2025-04-24T06:04:04.744+0000] {dag.py:3239} INFO - Sync 1 DAGs
[2025-04-24T06:04:04.755+0000] {logging_mixin.py:190} INFO - [2025-04-24T06:04:04.755+0000] {dag.py:4180} INFO - Setting next_dagrun for news_etl to None, run_after=None
[2025-04-24T06:04:04.768+0000] {processor.py:208} INFO - Processing /opt/airflow/dags/New_ETL.py took 0.066 seconds
[2025-04-24T06:04:35.083+0000] {processor.py:186} INFO - Started process (PID=150) to work on /opt/airflow/dags/New_ETL.py
[2025-04-24T06:04:35.084+0000] {processor.py:914} INFO - Processing file /opt/airflow/dags/New_ETL.py for tasks to queue
[2025-04-24T06:04:35.085+0000] {logging_mixin.py:190} INFO - [2025-04-24T06:04:35.085+0000] {dagbag.py:588} INFO - Filling up the DagBag from /opt/airflow/dags/New_ETL.py
[2025-04-24T06:04:35.093+0000] {processor.py:925} INFO - DAG(s) 'news_etl' retrieved from /opt/airflow/dags/New_ETL.py
[2025-04-24T06:04:35.108+0000] {logging_mixin.py:190} INFO - [2025-04-24T06:04:35.108+0000] {dag.py:3239} INFO - Sync 1 DAGs
[2025-04-24T06:04:35.118+0000] {logging_mixin.py:190} INFO - [2025-04-24T06:04:35.118+0000] {dag.py:4180} INFO - Setting next_dagrun for news_etl to None, run_after=None
[2025-04-24T06:04:35.131+0000] {processor.py:208} INFO - Processing /opt/airflow/dags/New_ETL.py took 0.052 seconds
[2025-04-24T06:05:05.491+0000] {processor.py:186} INFO - Started process (PID=158) to work on /opt/airflow/dags/New_ETL.py
[2025-04-24T06:05:05.492+0000] {processor.py:914} INFO - Processing file /opt/airflow/dags/New_ETL.py for tasks to queue
[2025-04-24T06:05:05.494+0000] {logging_mixin.py:190} INFO - [2025-04-24T06:05:05.494+0000] {dagbag.py:588} INFO - Filling up the DagBag from /opt/airflow/dags/New_ETL.py
[2025-04-24T06:05:05.507+0000] {processor.py:925} INFO - DAG(s) 'news_etl' retrieved from /opt/airflow/dags/New_ETL.py
[2025-04-24T06:05:05.526+0000] {logging_mixin.py:190} INFO - [2025-04-24T06:05:05.525+0000] {dag.py:3239} INFO - Sync 1 DAGs
[2025-04-24T06:05:05.537+0000] {logging_mixin.py:190} INFO - [2025-04-24T06:05:05.537+0000] {dag.py:4180} INFO - Setting next_dagrun for news_etl to None, run_after=None
[2025-04-24T06:05:05.551+0000] {processor.py:208} INFO - Processing /opt/airflow/dags/New_ETL.py took 0.064 seconds
[2025-04-24T06:05:35.742+0000] {processor.py:186} INFO - Started process (PID=166) to work on /opt/airflow/dags/New_ETL.py
[2025-04-24T06:05:35.742+0000] {processor.py:914} INFO - Processing file /opt/airflow/dags/New_ETL.py for tasks to queue
[2025-04-24T06:05:35.744+0000] {logging_mixin.py:190} INFO - [2025-04-24T06:05:35.743+0000] {dagbag.py:588} INFO - Filling up the DagBag from /opt/airflow/dags/New_ETL.py
[2025-04-24T06:05:35.752+0000] {processor.py:925} INFO - DAG(s) 'news_etl' retrieved from /opt/airflow/dags/New_ETL.py
[2025-04-24T06:05:35.767+0000] {logging_mixin.py:190} INFO - [2025-04-24T06:05:35.767+0000] {dag.py:3239} INFO - Sync 1 DAGs
[2025-04-24T06:05:35.776+0000] {logging_mixin.py:190} INFO - [2025-04-24T06:05:35.776+0000] {dag.py:4180} INFO - Setting next_dagrun for news_etl to None, run_after=None
[2025-04-24T06:05:35.787+0000] {processor.py:208} INFO - Processing /opt/airflow/dags/New_ETL.py took 0.049 seconds
[2025-04-24T06:05:50.940+0000] {processor.py:186} INFO - Started process (PID=168) to work on /opt/airflow/dags/New_ETL.py
[2025-04-24T06:05:50.941+0000] {processor.py:914} INFO - Processing file /opt/airflow/dags/New_ETL.py for tasks to queue
[2025-04-24T06:05:50.943+0000] {logging_mixin.py:190} INFO - [2025-04-24T06:05:50.943+0000] {dagbag.py:588} INFO - Filling up the DagBag from /opt/airflow/dags/New_ETL.py
[2025-04-24T06:05:50.956+0000] {processor.py:925} INFO - DAG(s) 'news_etl' retrieved from /opt/airflow/dags/New_ETL.py
[2025-04-24T06:05:51.024+0000] {logging_mixin.py:190} INFO - [2025-04-24T06:05:51.024+0000] {dag.py:3239} INFO - Sync 1 DAGs
[2025-04-24T06:05:51.031+0000] {logging_mixin.py:190} INFO - [2025-04-24T06:05:51.031+0000] {dag.py:4180} INFO - Setting next_dagrun for news_etl to None, run_after=None
[2025-04-24T06:05:51.043+0000] {processor.py:208} INFO - Processing /opt/airflow/dags/New_ETL.py took 0.107 seconds
[2025-04-24T06:06:47.334+0000] {processor.py:186} INFO - Started process (PID=113) to work on /opt/airflow/dags/New_ETL.py
[2025-04-24T06:06:47.335+0000] {processor.py:914} INFO - Processing file /opt/airflow/dags/New_ETL.py for tasks to queue
[2025-04-24T06:06:47.338+0000] {logging_mixin.py:190} INFO - [2025-04-24T06:06:47.337+0000] {dagbag.py:588} INFO - Filling up the DagBag from /opt/airflow/dags/New_ETL.py
[2025-04-24T06:06:47.363+0000] {processor.py:925} INFO - DAG(s) 'news_etl' retrieved from /opt/airflow/dags/New_ETL.py
[2025-04-24T06:06:47.531+0000] {logging_mixin.py:190} INFO - [2025-04-24T06:06:47.531+0000] {override.py:1912} INFO - Created Permission View: can delete on DAG:news_etl
[2025-04-24T06:06:47.538+0000] {logging_mixin.py:190} INFO - [2025-04-24T06:06:47.538+0000] {override.py:1912} INFO - Created Permission View: can edit on DAG:news_etl
[2025-04-24T06:06:47.543+0000] {logging_mixin.py:190} INFO - [2025-04-24T06:06:47.543+0000] {override.py:1912} INFO - Created Permission View: can read on DAG:news_etl
[2025-04-24T06:06:47.549+0000] {logging_mixin.py:190} INFO - [2025-04-24T06:06:47.549+0000] {override.py:1912} INFO - Created Permission View: can delete on DAG Run:news_etl
[2025-04-24T06:06:47.553+0000] {logging_mixin.py:190} INFO - [2025-04-24T06:06:47.553+0000] {override.py:1912} INFO - Created Permission View: menu access on DAG Run:news_etl
[2025-04-24T06:06:47.557+0000] {logging_mixin.py:190} INFO - [2025-04-24T06:06:47.557+0000] {override.py:1912} INFO - Created Permission View: can create on DAG Run:news_etl
[2025-04-24T06:06:47.561+0000] {logging_mixin.py:190} INFO - [2025-04-24T06:06:47.561+0000] {override.py:1912} INFO - Created Permission View: can read on DAG Run:news_etl
[2025-04-24T06:06:47.563+0000] {logging_mixin.py:190} INFO - [2025-04-24T06:06:47.563+0000] {dag.py:3239} INFO - Sync 1 DAGs
[2025-04-24T06:06:47.573+0000] {logging_mixin.py:190} INFO - [2025-04-24T06:06:47.572+0000] {dag.py:3262} INFO - Creating ORM DAG for news_etl
[2025-04-24T06:06:47.573+0000] {logging_mixin.py:190} INFO - [2025-04-24T06:06:47.573+0000] {dag.py:4180} INFO - Setting next_dagrun for news_etl to None, run_after=None
[2025-04-24T06:06:47.594+0000] {processor.py:208} INFO - Processing /opt/airflow/dags/New_ETL.py took 0.265 seconds
[2025-04-24T06:07:17.665+0000] {processor.py:186} INFO - Started process (PID=121) to work on /opt/airflow/dags/New_ETL.py
[2025-04-24T06:07:17.666+0000] {processor.py:914} INFO - Processing file /opt/airflow/dags/New_ETL.py for tasks to queue
[2025-04-24T06:07:17.668+0000] {logging_mixin.py:190} INFO - [2025-04-24T06:07:17.668+0000] {dagbag.py:588} INFO - Filling up the DagBag from /opt/airflow/dags/New_ETL.py
[2025-04-24T06:07:17.677+0000] {processor.py:925} INFO - DAG(s) 'news_etl' retrieved from /opt/airflow/dags/New_ETL.py
[2025-04-24T06:07:17.696+0000] {logging_mixin.py:190} INFO - [2025-04-24T06:07:17.696+0000] {dag.py:3239} INFO - Sync 1 DAGs
[2025-04-24T06:07:17.707+0000] {logging_mixin.py:190} INFO - [2025-04-24T06:07:17.707+0000] {dag.py:4180} INFO - Setting next_dagrun for news_etl to None, run_after=None
[2025-04-24T06:07:17.720+0000] {processor.py:208} INFO - Processing /opt/airflow/dags/New_ETL.py took 0.060 seconds
[2025-04-24T06:07:47.958+0000] {processor.py:186} INFO - Started process (PID=129) to work on /opt/airflow/dags/New_ETL.py
[2025-04-24T06:07:47.959+0000] {processor.py:914} INFO - Processing file /opt/airflow/dags/New_ETL.py for tasks to queue
[2025-04-24T06:07:47.960+0000] {logging_mixin.py:190} INFO - [2025-04-24T06:07:47.960+0000] {dagbag.py:588} INFO - Filling up the DagBag from /opt/airflow/dags/New_ETL.py
[2025-04-24T06:07:47.970+0000] {processor.py:925} INFO - DAG(s) 'news_etl' retrieved from /opt/airflow/dags/New_ETL.py
[2025-04-24T06:07:47.985+0000] {logging_mixin.py:190} INFO - [2025-04-24T06:07:47.985+0000] {dag.py:3239} INFO - Sync 1 DAGs
[2025-04-24T06:07:47.994+0000] {logging_mixin.py:190} INFO - [2025-04-24T06:07:47.994+0000] {dag.py:4180} INFO - Setting next_dagrun for news_etl to None, run_after=None
[2025-04-24T06:07:48.006+0000] {processor.py:208} INFO - Processing /opt/airflow/dags/New_ETL.py took 0.052 seconds
[2025-04-24T06:08:18.264+0000] {processor.py:186} INFO - Started process (PID=137) to work on /opt/airflow/dags/New_ETL.py
[2025-04-24T06:08:18.266+0000] {processor.py:914} INFO - Processing file /opt/airflow/dags/New_ETL.py for tasks to queue
[2025-04-24T06:08:18.267+0000] {logging_mixin.py:190} INFO - [2025-04-24T06:08:18.267+0000] {dagbag.py:588} INFO - Filling up the DagBag from /opt/airflow/dags/New_ETL.py
[2025-04-24T06:08:18.275+0000] {processor.py:925} INFO - DAG(s) 'news_etl' retrieved from /opt/airflow/dags/New_ETL.py
[2025-04-24T06:08:18.291+0000] {logging_mixin.py:190} INFO - [2025-04-24T06:08:18.291+0000] {dag.py:3239} INFO - Sync 1 DAGs
[2025-04-24T06:08:18.300+0000] {logging_mixin.py:190} INFO - [2025-04-24T06:08:18.300+0000] {dag.py:4180} INFO - Setting next_dagrun for news_etl to None, run_after=None
[2025-04-24T06:08:18.311+0000] {processor.py:208} INFO - Processing /opt/airflow/dags/New_ETL.py took 0.051 seconds
[2025-04-24T06:11:11.417+0000] {processor.py:186} INFO - Started process (PID=113) to work on /opt/airflow/dags/New_ETL.py
[2025-04-24T06:11:11.418+0000] {processor.py:914} INFO - Processing file /opt/airflow/dags/New_ETL.py for tasks to queue
[2025-04-24T06:11:11.419+0000] {logging_mixin.py:190} INFO - [2025-04-24T06:11:11.419+0000] {dagbag.py:588} INFO - Filling up the DagBag from /opt/airflow/dags/New_ETL.py
[2025-04-24T06:11:11.434+0000] {processor.py:925} INFO - DAG(s) 'news_etl' retrieved from /opt/airflow/dags/New_ETL.py
[2025-04-24T06:11:11.592+0000] {logging_mixin.py:190} INFO - [2025-04-24T06:11:11.592+0000] {override.py:1912} INFO - Created Permission View: can read on DAG:news_etl
[2025-04-24T06:11:11.599+0000] {logging_mixin.py:190} INFO - [2025-04-24T06:11:11.599+0000] {override.py:1912} INFO - Created Permission View: can delete on DAG:news_etl
[2025-04-24T06:11:11.603+0000] {logging_mixin.py:190} INFO - [2025-04-24T06:11:11.603+0000] {override.py:1912} INFO - Created Permission View: can edit on DAG:news_etl
[2025-04-24T06:11:11.608+0000] {logging_mixin.py:190} INFO - [2025-04-24T06:11:11.608+0000] {override.py:1912} INFO - Created Permission View: can read on DAG Run:news_etl
[2025-04-24T06:11:11.612+0000] {logging_mixin.py:190} INFO - [2025-04-24T06:11:11.612+0000] {override.py:1912} INFO - Created Permission View: can delete on DAG Run:news_etl
[2025-04-24T06:11:11.617+0000] {logging_mixin.py:190} INFO - [2025-04-24T06:11:11.616+0000] {override.py:1912} INFO - Created Permission View: can create on DAG Run:news_etl
[2025-04-24T06:11:11.621+0000] {logging_mixin.py:190} INFO - [2025-04-24T06:11:11.621+0000] {override.py:1912} INFO - Created Permission View: menu access on DAG Run:news_etl
[2025-04-24T06:11:11.621+0000] {logging_mixin.py:190} INFO - [2025-04-24T06:11:11.621+0000] {dag.py:3239} INFO - Sync 1 DAGs
[2025-04-24T06:11:11.630+0000] {logging_mixin.py:190} INFO - [2025-04-24T06:11:11.629+0000] {dag.py:3262} INFO - Creating ORM DAG for news_etl
[2025-04-24T06:11:11.630+0000] {logging_mixin.py:190} INFO - [2025-04-24T06:11:11.630+0000] {dag.py:4180} INFO - Setting next_dagrun for news_etl to None, run_after=None
[2025-04-24T06:11:11.642+0000] {processor.py:208} INFO - Processing /opt/airflow/dags/New_ETL.py took 0.230 seconds
[2025-04-24T06:11:41.692+0000] {processor.py:186} INFO - Started process (PID=121) to work on /opt/airflow/dags/New_ETL.py
[2025-04-24T06:11:41.692+0000] {processor.py:914} INFO - Processing file /opt/airflow/dags/New_ETL.py for tasks to queue
[2025-04-24T06:11:41.694+0000] {logging_mixin.py:190} INFO - [2025-04-24T06:11:41.694+0000] {dagbag.py:588} INFO - Filling up the DagBag from /opt/airflow/dags/New_ETL.py
[2025-04-24T06:11:41.705+0000] {processor.py:925} INFO - DAG(s) 'news_etl' retrieved from /opt/airflow/dags/New_ETL.py
[2025-04-24T06:11:41.721+0000] {logging_mixin.py:190} INFO - [2025-04-24T06:11:41.721+0000] {dag.py:3239} INFO - Sync 1 DAGs
[2025-04-24T06:11:41.731+0000] {logging_mixin.py:190} INFO - [2025-04-24T06:11:41.731+0000] {dag.py:4180} INFO - Setting next_dagrun for news_etl to None, run_after=None
[2025-04-24T06:11:41.743+0000] {processor.py:208} INFO - Processing /opt/airflow/dags/New_ETL.py took 0.056 seconds
[2025-04-24T06:12:12.056+0000] {processor.py:186} INFO - Started process (PID=129) to work on /opt/airflow/dags/New_ETL.py
[2025-04-24T06:12:12.057+0000] {processor.py:914} INFO - Processing file /opt/airflow/dags/New_ETL.py for tasks to queue
[2025-04-24T06:12:12.058+0000] {logging_mixin.py:190} INFO - [2025-04-24T06:12:12.058+0000] {dagbag.py:588} INFO - Filling up the DagBag from /opt/airflow/dags/New_ETL.py
[2025-04-24T06:12:12.068+0000] {processor.py:925} INFO - DAG(s) 'news_etl' retrieved from /opt/airflow/dags/New_ETL.py
[2025-04-24T06:12:12.084+0000] {logging_mixin.py:190} INFO - [2025-04-24T06:12:12.084+0000] {dag.py:3239} INFO - Sync 1 DAGs
[2025-04-24T06:12:12.093+0000] {logging_mixin.py:190} INFO - [2025-04-24T06:12:12.093+0000] {dag.py:4180} INFO - Setting next_dagrun for news_etl to None, run_after=None
[2025-04-24T06:12:12.106+0000] {processor.py:208} INFO - Processing /opt/airflow/dags/New_ETL.py took 0.054 seconds
[2025-04-24T06:12:42.323+0000] {processor.py:186} INFO - Started process (PID=137) to work on /opt/airflow/dags/New_ETL.py
[2025-04-24T06:12:42.324+0000] {processor.py:914} INFO - Processing file /opt/airflow/dags/New_ETL.py for tasks to queue
[2025-04-24T06:12:42.326+0000] {logging_mixin.py:190} INFO - [2025-04-24T06:12:42.326+0000] {dagbag.py:588} INFO - Filling up the DagBag from /opt/airflow/dags/New_ETL.py
[2025-04-24T06:12:42.339+0000] {processor.py:925} INFO - DAG(s) 'news_etl' retrieved from /opt/airflow/dags/New_ETL.py
[2025-04-24T06:12:42.359+0000] {logging_mixin.py:190} INFO - [2025-04-24T06:12:42.359+0000] {dag.py:3239} INFO - Sync 1 DAGs
[2025-04-24T06:12:42.371+0000] {logging_mixin.py:190} INFO - [2025-04-24T06:12:42.371+0000] {dag.py:4180} INFO - Setting next_dagrun for news_etl to None, run_after=None
[2025-04-24T06:12:42.385+0000] {processor.py:208} INFO - Processing /opt/airflow/dags/New_ETL.py took 0.067 seconds
[2025-04-24T06:13:12.698+0000] {processor.py:186} INFO - Started process (PID=145) to work on /opt/airflow/dags/New_ETL.py
[2025-04-24T06:13:12.699+0000] {processor.py:914} INFO - Processing file /opt/airflow/dags/New_ETL.py for tasks to queue
[2025-04-24T06:13:12.700+0000] {logging_mixin.py:190} INFO - [2025-04-24T06:13:12.700+0000] {dagbag.py:588} INFO - Filling up the DagBag from /opt/airflow/dags/New_ETL.py
[2025-04-24T06:13:12.709+0000] {processor.py:925} INFO - DAG(s) 'news_etl' retrieved from /opt/airflow/dags/New_ETL.py
[2025-04-24T06:13:12.727+0000] {logging_mixin.py:190} INFO - [2025-04-24T06:13:12.727+0000] {dag.py:3239} INFO - Sync 1 DAGs
[2025-04-24T06:13:12.737+0000] {logging_mixin.py:190} INFO - [2025-04-24T06:13:12.737+0000] {dag.py:4180} INFO - Setting next_dagrun for news_etl to None, run_after=None
[2025-04-24T06:13:12.749+0000] {processor.py:208} INFO - Processing /opt/airflow/dags/New_ETL.py took 0.055 seconds
[2025-04-24T06:13:42.998+0000] {processor.py:186} INFO - Started process (PID=153) to work on /opt/airflow/dags/New_ETL.py
[2025-04-24T06:13:43.000+0000] {processor.py:914} INFO - Processing file /opt/airflow/dags/New_ETL.py for tasks to queue
[2025-04-24T06:13:43.002+0000] {logging_mixin.py:190} INFO - [2025-04-24T06:13:43.002+0000] {dagbag.py:588} INFO - Filling up the DagBag from /opt/airflow/dags/New_ETL.py
[2025-04-24T06:13:43.015+0000] {processor.py:925} INFO - DAG(s) 'news_etl' retrieved from /opt/airflow/dags/New_ETL.py
[2025-04-24T06:13:43.037+0000] {logging_mixin.py:190} INFO - [2025-04-24T06:13:43.036+0000] {dag.py:3239} INFO - Sync 1 DAGs
[2025-04-24T06:13:43.048+0000] {logging_mixin.py:190} INFO - [2025-04-24T06:13:43.047+0000] {dag.py:4180} INFO - Setting next_dagrun for news_etl to None, run_after=None
[2025-04-24T06:13:43.061+0000] {processor.py:208} INFO - Processing /opt/airflow/dags/New_ETL.py took 0.067 seconds
[2025-04-24T06:14:13.385+0000] {processor.py:186} INFO - Started process (PID=161) to work on /opt/airflow/dags/New_ETL.py
[2025-04-24T06:14:13.386+0000] {processor.py:914} INFO - Processing file /opt/airflow/dags/New_ETL.py for tasks to queue
[2025-04-24T06:14:13.388+0000] {logging_mixin.py:190} INFO - [2025-04-24T06:14:13.387+0000] {dagbag.py:588} INFO - Filling up the DagBag from /opt/airflow/dags/New_ETL.py
[2025-04-24T06:14:13.400+0000] {processor.py:925} INFO - DAG(s) 'news_etl' retrieved from /opt/airflow/dags/New_ETL.py
[2025-04-24T06:14:13.416+0000] {logging_mixin.py:190} INFO - [2025-04-24T06:14:13.415+0000] {dag.py:3239} INFO - Sync 1 DAGs
[2025-04-24T06:14:13.424+0000] {logging_mixin.py:190} INFO - [2025-04-24T06:14:13.424+0000] {dag.py:4180} INFO - Setting next_dagrun for news_etl to None, run_after=None
[2025-04-24T06:14:13.437+0000] {processor.py:208} INFO - Processing /opt/airflow/dags/New_ETL.py took 0.056 seconds
[2025-04-24T06:14:43.698+0000] {processor.py:186} INFO - Started process (PID=175) to work on /opt/airflow/dags/New_ETL.py
[2025-04-24T06:14:43.698+0000] {processor.py:914} INFO - Processing file /opt/airflow/dags/New_ETL.py for tasks to queue
[2025-04-24T06:14:43.705+0000] {logging_mixin.py:190} INFO - [2025-04-24T06:14:43.705+0000] {dagbag.py:588} INFO - Filling up the DagBag from /opt/airflow/dags/New_ETL.py
[2025-04-24T06:14:43.726+0000] {processor.py:925} INFO - DAG(s) 'news_etl' retrieved from /opt/airflow/dags/New_ETL.py
[2025-04-24T06:14:43.741+0000] {logging_mixin.py:190} INFO - [2025-04-24T06:14:43.741+0000] {dag.py:3239} INFO - Sync 1 DAGs
[2025-04-24T06:14:43.751+0000] {logging_mixin.py:190} INFO - [2025-04-24T06:14:43.751+0000] {dag.py:4180} INFO - Setting next_dagrun for news_etl to None, run_after=None
[2025-04-24T06:14:43.762+0000] {processor.py:208} INFO - Processing /opt/airflow/dags/New_ETL.py took 0.068 seconds
[2025-04-24T06:15:14.070+0000] {processor.py:186} INFO - Started process (PID=183) to work on /opt/airflow/dags/New_ETL.py
[2025-04-24T06:15:14.070+0000] {processor.py:914} INFO - Processing file /opt/airflow/dags/New_ETL.py for tasks to queue
[2025-04-24T06:15:14.072+0000] {logging_mixin.py:190} INFO - [2025-04-24T06:15:14.072+0000] {dagbag.py:588} INFO - Filling up the DagBag from /opt/airflow/dags/New_ETL.py
[2025-04-24T06:15:14.079+0000] {processor.py:925} INFO - DAG(s) 'news_etl' retrieved from /opt/airflow/dags/New_ETL.py
[2025-04-24T06:15:14.093+0000] {logging_mixin.py:190} INFO - [2025-04-24T06:15:14.093+0000] {dag.py:3239} INFO - Sync 1 DAGs
[2025-04-24T06:15:14.103+0000] {logging_mixin.py:190} INFO - [2025-04-24T06:15:14.103+0000] {dag.py:4180} INFO - Setting next_dagrun for news_etl to None, run_after=None
[2025-04-24T06:15:14.114+0000] {processor.py:208} INFO - Processing /opt/airflow/dags/New_ETL.py took 0.048 seconds
[2025-04-24T06:15:44.455+0000] {processor.py:186} INFO - Started process (PID=191) to work on /opt/airflow/dags/New_ETL.py
[2025-04-24T06:15:44.456+0000] {processor.py:914} INFO - Processing file /opt/airflow/dags/New_ETL.py for tasks to queue
[2025-04-24T06:15:44.459+0000] {logging_mixin.py:190} INFO - [2025-04-24T06:15:44.459+0000] {dagbag.py:588} INFO - Filling up the DagBag from /opt/airflow/dags/New_ETL.py
[2025-04-24T06:15:44.477+0000] {processor.py:925} INFO - DAG(s) 'news_etl' retrieved from /opt/airflow/dags/New_ETL.py
[2025-04-24T06:15:44.494+0000] {logging_mixin.py:190} INFO - [2025-04-24T06:15:44.494+0000] {dag.py:3239} INFO - Sync 1 DAGs
[2025-04-24T06:15:44.505+0000] {logging_mixin.py:190} INFO - [2025-04-24T06:15:44.505+0000] {dag.py:4180} INFO - Setting next_dagrun for news_etl to None, run_after=None
[2025-04-24T06:15:44.518+0000] {processor.py:208} INFO - Processing /opt/airflow/dags/New_ETL.py took 0.067 seconds
[2025-04-24T06:16:14.813+0000] {processor.py:186} INFO - Started process (PID=199) to work on /opt/airflow/dags/New_ETL.py
[2025-04-24T06:16:14.814+0000] {processor.py:914} INFO - Processing file /opt/airflow/dags/New_ETL.py for tasks to queue
[2025-04-24T06:16:14.816+0000] {logging_mixin.py:190} INFO - [2025-04-24T06:16:14.816+0000] {dagbag.py:588} INFO - Filling up the DagBag from /opt/airflow/dags/New_ETL.py
[2025-04-24T06:16:14.833+0000] {processor.py:925} INFO - DAG(s) 'news_etl' retrieved from /opt/airflow/dags/New_ETL.py
[2025-04-24T06:16:14.849+0000] {logging_mixin.py:190} INFO - [2025-04-24T06:16:14.849+0000] {dag.py:3239} INFO - Sync 1 DAGs
[2025-04-24T06:16:14.860+0000] {logging_mixin.py:190} INFO - [2025-04-24T06:16:14.860+0000] {dag.py:4180} INFO - Setting next_dagrun for news_etl to None, run_after=None
[2025-04-24T06:16:14.877+0000] {processor.py:208} INFO - Processing /opt/airflow/dags/New_ETL.py took 0.068 seconds
[2025-04-24T06:16:45.201+0000] {processor.py:186} INFO - Started process (PID=207) to work on /opt/airflow/dags/New_ETL.py
[2025-04-24T06:16:45.202+0000] {processor.py:914} INFO - Processing file /opt/airflow/dags/New_ETL.py for tasks to queue
[2025-04-24T06:16:45.204+0000] {logging_mixin.py:190} INFO - [2025-04-24T06:16:45.203+0000] {dagbag.py:588} INFO - Filling up the DagBag from /opt/airflow/dags/New_ETL.py
[2025-04-24T06:16:45.244+0000] {processor.py:925} INFO - DAG(s) 'news_etl' retrieved from /opt/airflow/dags/New_ETL.py
[2025-04-24T06:16:45.261+0000] {logging_mixin.py:190} INFO - [2025-04-24T06:16:45.261+0000] {dag.py:3239} INFO - Sync 1 DAGs
[2025-04-24T06:16:45.273+0000] {logging_mixin.py:190} INFO - [2025-04-24T06:16:45.273+0000] {dag.py:4180} INFO - Setting next_dagrun for news_etl to None, run_after=None
[2025-04-24T06:16:45.293+0000] {processor.py:208} INFO - Processing /opt/airflow/dags/New_ETL.py took 0.096 seconds
[2025-04-24T06:17:15.491+0000] {processor.py:186} INFO - Started process (PID=215) to work on /opt/airflow/dags/New_ETL.py
[2025-04-24T06:17:15.492+0000] {processor.py:914} INFO - Processing file /opt/airflow/dags/New_ETL.py for tasks to queue
[2025-04-24T06:17:15.493+0000] {logging_mixin.py:190} INFO - [2025-04-24T06:17:15.493+0000] {dagbag.py:588} INFO - Filling up the DagBag from /opt/airflow/dags/New_ETL.py
[2025-04-24T06:17:15.522+0000] {processor.py:925} INFO - DAG(s) 'news_etl' retrieved from /opt/airflow/dags/New_ETL.py
[2025-04-24T06:17:15.546+0000] {logging_mixin.py:190} INFO - [2025-04-24T06:17:15.546+0000] {dag.py:3239} INFO - Sync 1 DAGs
[2025-04-24T06:17:15.560+0000] {logging_mixin.py:190} INFO - [2025-04-24T06:17:15.560+0000] {dag.py:4180} INFO - Setting next_dagrun for news_etl to None, run_after=None
[2025-04-24T06:17:15.575+0000] {processor.py:208} INFO - Processing /opt/airflow/dags/New_ETL.py took 0.087 seconds
[2025-04-24T06:17:45.854+0000] {processor.py:186} INFO - Started process (PID=223) to work on /opt/airflow/dags/New_ETL.py
[2025-04-24T06:17:45.854+0000] {processor.py:914} INFO - Processing file /opt/airflow/dags/New_ETL.py for tasks to queue
[2025-04-24T06:17:45.856+0000] {logging_mixin.py:190} INFO - [2025-04-24T06:17:45.856+0000] {dagbag.py:588} INFO - Filling up the DagBag from /opt/airflow/dags/New_ETL.py
[2025-04-24T06:17:45.868+0000] {processor.py:925} INFO - DAG(s) 'news_etl' retrieved from /opt/airflow/dags/New_ETL.py
[2025-04-24T06:17:45.886+0000] {logging_mixin.py:190} INFO - [2025-04-24T06:17:45.885+0000] {dag.py:3239} INFO - Sync 1 DAGs
[2025-04-24T06:17:45.900+0000] {logging_mixin.py:190} INFO - [2025-04-24T06:17:45.900+0000] {dag.py:4180} INFO - Setting next_dagrun for news_etl to None, run_after=None
[2025-04-24T06:17:45.922+0000] {processor.py:208} INFO - Processing /opt/airflow/dags/New_ETL.py took 0.072 seconds
[2025-04-24T06:18:16.340+0000] {processor.py:186} INFO - Started process (PID=231) to work on /opt/airflow/dags/New_ETL.py
[2025-04-24T06:18:16.341+0000] {processor.py:914} INFO - Processing file /opt/airflow/dags/New_ETL.py for tasks to queue
[2025-04-24T06:18:16.344+0000] {logging_mixin.py:190} INFO - [2025-04-24T06:18:16.344+0000] {dagbag.py:588} INFO - Filling up the DagBag from /opt/airflow/dags/New_ETL.py
[2025-04-24T06:18:16.360+0000] {processor.py:925} INFO - DAG(s) 'news_etl' retrieved from /opt/airflow/dags/New_ETL.py
[2025-04-24T06:18:16.377+0000] {logging_mixin.py:190} INFO - [2025-04-24T06:18:16.377+0000] {dag.py:3239} INFO - Sync 1 DAGs
[2025-04-24T06:18:16.388+0000] {logging_mixin.py:190} INFO - [2025-04-24T06:18:16.387+0000] {dag.py:4180} INFO - Setting next_dagrun for news_etl to None, run_after=None
[2025-04-24T06:18:16.401+0000] {processor.py:208} INFO - Processing /opt/airflow/dags/New_ETL.py took 0.065 seconds
[2025-04-24T06:18:46.642+0000] {processor.py:186} INFO - Started process (PID=239) to work on /opt/airflow/dags/New_ETL.py
[2025-04-24T06:18:46.644+0000] {processor.py:914} INFO - Processing file /opt/airflow/dags/New_ETL.py for tasks to queue
[2025-04-24T06:18:46.646+0000] {logging_mixin.py:190} INFO - [2025-04-24T06:18:46.646+0000] {dagbag.py:588} INFO - Filling up the DagBag from /opt/airflow/dags/New_ETL.py
[2025-04-24T06:18:46.660+0000] {processor.py:925} INFO - DAG(s) 'news_etl' retrieved from /opt/airflow/dags/New_ETL.py
[2025-04-24T06:18:46.677+0000] {logging_mixin.py:190} INFO - [2025-04-24T06:18:46.677+0000] {dag.py:3239} INFO - Sync 1 DAGs
[2025-04-24T06:18:46.687+0000] {logging_mixin.py:190} INFO - [2025-04-24T06:18:46.687+0000] {dag.py:4180} INFO - Setting next_dagrun for news_etl to None, run_after=None
[2025-04-24T06:18:46.700+0000] {processor.py:208} INFO - Processing /opt/airflow/dags/New_ETL.py took 0.062 seconds
[2025-04-24T06:19:16.943+0000] {processor.py:186} INFO - Started process (PID=247) to work on /opt/airflow/dags/New_ETL.py
[2025-04-24T06:19:16.944+0000] {processor.py:914} INFO - Processing file /opt/airflow/dags/New_ETL.py for tasks to queue
[2025-04-24T06:19:16.945+0000] {logging_mixin.py:190} INFO - [2025-04-24T06:19:16.945+0000] {dagbag.py:588} INFO - Filling up the DagBag from /opt/airflow/dags/New_ETL.py
[2025-04-24T06:19:16.956+0000] {processor.py:925} INFO - DAG(s) 'news_etl' retrieved from /opt/airflow/dags/New_ETL.py
[2025-04-24T06:19:16.972+0000] {logging_mixin.py:190} INFO - [2025-04-24T06:19:16.972+0000] {dag.py:3239} INFO - Sync 1 DAGs
[2025-04-24T06:19:16.981+0000] {logging_mixin.py:190} INFO - [2025-04-24T06:19:16.981+0000] {dag.py:4180} INFO - Setting next_dagrun for news_etl to None, run_after=None
[2025-04-24T06:19:16.994+0000] {processor.py:208} INFO - Processing /opt/airflow/dags/New_ETL.py took 0.055 seconds
[2025-04-24T06:19:47.258+0000] {processor.py:186} INFO - Started process (PID=255) to work on /opt/airflow/dags/New_ETL.py
[2025-04-24T06:19:47.259+0000] {processor.py:914} INFO - Processing file /opt/airflow/dags/New_ETL.py for tasks to queue
[2025-04-24T06:19:47.260+0000] {logging_mixin.py:190} INFO - [2025-04-24T06:19:47.260+0000] {dagbag.py:588} INFO - Filling up the DagBag from /opt/airflow/dags/New_ETL.py
[2025-04-24T06:19:47.274+0000] {processor.py:925} INFO - DAG(s) 'news_etl' retrieved from /opt/airflow/dags/New_ETL.py
[2025-04-24T06:19:47.289+0000] {logging_mixin.py:190} INFO - [2025-04-24T06:19:47.288+0000] {dag.py:3239} INFO - Sync 1 DAGs
[2025-04-24T06:19:47.298+0000] {logging_mixin.py:190} INFO - [2025-04-24T06:19:47.298+0000] {dag.py:4180} INFO - Setting next_dagrun for news_etl to None, run_after=None
[2025-04-24T06:19:47.311+0000] {processor.py:208} INFO - Processing /opt/airflow/dags/New_ETL.py took 0.058 seconds
[2025-04-24T06:20:17.535+0000] {processor.py:186} INFO - Started process (PID=263) to work on /opt/airflow/dags/New_ETL.py
[2025-04-24T06:20:17.536+0000] {processor.py:914} INFO - Processing file /opt/airflow/dags/New_ETL.py for tasks to queue
[2025-04-24T06:20:17.538+0000] {logging_mixin.py:190} INFO - [2025-04-24T06:20:17.538+0000] {dagbag.py:588} INFO - Filling up the DagBag from /opt/airflow/dags/New_ETL.py
[2025-04-24T06:20:17.547+0000] {processor.py:925} INFO - DAG(s) 'news_etl' retrieved from /opt/airflow/dags/New_ETL.py
[2025-04-24T06:20:17.563+0000] {logging_mixin.py:190} INFO - [2025-04-24T06:20:17.562+0000] {dag.py:3239} INFO - Sync 1 DAGs
[2025-04-24T06:20:17.572+0000] {logging_mixin.py:190} INFO - [2025-04-24T06:20:17.571+0000] {dag.py:4180} INFO - Setting next_dagrun for news_etl to None, run_after=None
[2025-04-24T06:20:17.584+0000] {processor.py:208} INFO - Processing /opt/airflow/dags/New_ETL.py took 0.053 seconds
[2025-04-24T06:21:22.039+0000] {processor.py:186} INFO - Started process (PID=113) to work on /opt/airflow/dags/New_ETL.py
[2025-04-24T06:21:22.040+0000] {processor.py:914} INFO - Processing file /opt/airflow/dags/New_ETL.py for tasks to queue
[2025-04-24T06:21:22.043+0000] {logging_mixin.py:190} INFO - [2025-04-24T06:21:22.042+0000] {dagbag.py:588} INFO - Filling up the DagBag from /opt/airflow/dags/New_ETL.py
[2025-04-24T06:21:22.067+0000] {processor.py:925} INFO - DAG(s) 'news_etl' retrieved from /opt/airflow/dags/New_ETL.py
[2025-04-24T06:21:22.239+0000] {logging_mixin.py:190} INFO - [2025-04-24T06:21:22.238+0000] {override.py:1912} INFO - Created Permission View: can delete on DAG:news_etl
[2025-04-24T06:21:22.246+0000] {logging_mixin.py:190} INFO - [2025-04-24T06:21:22.246+0000] {override.py:1912} INFO - Created Permission View: can read on DAG:news_etl
[2025-04-24T06:21:22.251+0000] {logging_mixin.py:190} INFO - [2025-04-24T06:21:22.251+0000] {override.py:1912} INFO - Created Permission View: can edit on DAG:news_etl
[2025-04-24T06:21:22.256+0000] {logging_mixin.py:190} INFO - [2025-04-24T06:21:22.255+0000] {override.py:1912} INFO - Created Permission View: can delete on DAG Run:news_etl
[2025-04-24T06:21:22.261+0000] {logging_mixin.py:190} INFO - [2025-04-24T06:21:22.260+0000] {override.py:1912} INFO - Created Permission View: menu access on DAG Run:news_etl
[2025-04-24T06:21:22.264+0000] {logging_mixin.py:190} INFO - [2025-04-24T06:21:22.264+0000] {override.py:1912} INFO - Created Permission View: can create on DAG Run:news_etl
[2025-04-24T06:21:22.269+0000] {logging_mixin.py:190} INFO - [2025-04-24T06:21:22.269+0000] {override.py:1912} INFO - Created Permission View: can read on DAG Run:news_etl
[2025-04-24T06:21:22.269+0000] {logging_mixin.py:190} INFO - [2025-04-24T06:21:22.269+0000] {dag.py:3239} INFO - Sync 1 DAGs
[2025-04-24T06:21:22.278+0000] {logging_mixin.py:190} INFO - [2025-04-24T06:21:22.278+0000] {dag.py:3262} INFO - Creating ORM DAG for news_etl
[2025-04-24T06:21:22.279+0000] {logging_mixin.py:190} INFO - [2025-04-24T06:21:22.278+0000] {dag.py:4180} INFO - Setting next_dagrun for news_etl to None, run_after=None
[2025-04-24T06:21:22.292+0000] {processor.py:208} INFO - Processing /opt/airflow/dags/New_ETL.py took 0.258 seconds
[2025-04-24T06:21:52.353+0000] {processor.py:186} INFO - Started process (PID=121) to work on /opt/airflow/dags/New_ETL.py
[2025-04-24T06:21:52.354+0000] {processor.py:914} INFO - Processing file /opt/airflow/dags/New_ETL.py for tasks to queue
[2025-04-24T06:21:52.356+0000] {logging_mixin.py:190} INFO - [2025-04-24T06:21:52.356+0000] {dagbag.py:588} INFO - Filling up the DagBag from /opt/airflow/dags/New_ETL.py
[2025-04-24T06:21:52.365+0000] {processor.py:925} INFO - DAG(s) 'news_etl' retrieved from /opt/airflow/dags/New_ETL.py
[2025-04-24T06:21:52.384+0000] {logging_mixin.py:190} INFO - [2025-04-24T06:21:52.384+0000] {dag.py:3239} INFO - Sync 1 DAGs
[2025-04-24T06:21:52.396+0000] {logging_mixin.py:190} INFO - [2025-04-24T06:21:52.396+0000] {dag.py:4180} INFO - Setting next_dagrun for news_etl to None, run_after=None
[2025-04-24T06:21:52.408+0000] {processor.py:208} INFO - Processing /opt/airflow/dags/New_ETL.py took 0.060 seconds
[2025-04-24T06:22:22.667+0000] {processor.py:186} INFO - Started process (PID=129) to work on /opt/airflow/dags/New_ETL.py
[2025-04-24T06:22:22.668+0000] {processor.py:914} INFO - Processing file /opt/airflow/dags/New_ETL.py for tasks to queue
[2025-04-24T06:22:22.670+0000] {logging_mixin.py:190} INFO - [2025-04-24T06:22:22.670+0000] {dagbag.py:588} INFO - Filling up the DagBag from /opt/airflow/dags/New_ETL.py
[2025-04-24T06:22:22.680+0000] {processor.py:925} INFO - DAG(s) 'news_etl' retrieved from /opt/airflow/dags/New_ETL.py
[2025-04-24T06:22:22.699+0000] {logging_mixin.py:190} INFO - [2025-04-24T06:22:22.699+0000] {dag.py:3239} INFO - Sync 1 DAGs
[2025-04-24T06:22:22.709+0000] {logging_mixin.py:190} INFO - [2025-04-24T06:22:22.709+0000] {dag.py:4180} INFO - Setting next_dagrun for news_etl to None, run_after=None
[2025-04-24T06:22:22.722+0000] {processor.py:208} INFO - Processing /opt/airflow/dags/New_ETL.py took 0.059 seconds
[2025-04-24T06:22:52.991+0000] {processor.py:186} INFO - Started process (PID=137) to work on /opt/airflow/dags/New_ETL.py
[2025-04-24T06:22:52.992+0000] {processor.py:914} INFO - Processing file /opt/airflow/dags/New_ETL.py for tasks to queue
[2025-04-24T06:22:52.995+0000] {logging_mixin.py:190} INFO - [2025-04-24T06:22:52.994+0000] {dagbag.py:588} INFO - Filling up the DagBag from /opt/airflow/dags/New_ETL.py
[2025-04-24T06:22:53.011+0000] {processor.py:925} INFO - DAG(s) 'news_etl' retrieved from /opt/airflow/dags/New_ETL.py
[2025-04-24T06:22:53.040+0000] {logging_mixin.py:190} INFO - [2025-04-24T06:22:53.040+0000] {dag.py:3239} INFO - Sync 1 DAGs
[2025-04-24T06:22:53.054+0000] {logging_mixin.py:190} INFO - [2025-04-24T06:22:53.054+0000] {dag.py:4180} INFO - Setting next_dagrun for news_etl to None, run_after=None
[2025-04-24T06:22:53.070+0000] {processor.py:208} INFO - Processing /opt/airflow/dags/New_ETL.py took 0.084 seconds
[2025-04-24T06:23:23.201+0000] {processor.py:186} INFO - Started process (PID=145) to work on /opt/airflow/dags/New_ETL.py
[2025-04-24T06:23:23.201+0000] {processor.py:914} INFO - Processing file /opt/airflow/dags/New_ETL.py for tasks to queue
[2025-04-24T06:23:23.203+0000] {logging_mixin.py:190} INFO - [2025-04-24T06:23:23.203+0000] {dagbag.py:588} INFO - Filling up the DagBag from /opt/airflow/dags/New_ETL.py
[2025-04-24T06:23:23.214+0000] {processor.py:925} INFO - DAG(s) 'news_etl' retrieved from /opt/airflow/dags/New_ETL.py
[2025-04-24T06:23:23.237+0000] {logging_mixin.py:190} INFO - [2025-04-24T06:23:23.237+0000] {dag.py:3239} INFO - Sync 1 DAGs
[2025-04-24T06:23:23.249+0000] {logging_mixin.py:190} INFO - [2025-04-24T06:23:23.249+0000] {dag.py:4180} INFO - Setting next_dagrun for news_etl to None, run_after=None
[2025-04-24T06:23:23.285+0000] {processor.py:208} INFO - Processing /opt/airflow/dags/New_ETL.py took 0.088 seconds
[2025-04-24T06:23:53.503+0000] {processor.py:186} INFO - Started process (PID=159) to work on /opt/airflow/dags/New_ETL.py
[2025-04-24T06:23:53.504+0000] {processor.py:914} INFO - Processing file /opt/airflow/dags/New_ETL.py for tasks to queue
[2025-04-24T06:23:53.505+0000] {logging_mixin.py:190} INFO - [2025-04-24T06:23:53.505+0000] {dagbag.py:588} INFO - Filling up the DagBag from /opt/airflow/dags/New_ETL.py
[2025-04-24T06:23:53.516+0000] {processor.py:925} INFO - DAG(s) 'news_etl' retrieved from /opt/airflow/dags/New_ETL.py
[2025-04-24T06:23:53.537+0000] {logging_mixin.py:190} INFO - [2025-04-24T06:23:53.537+0000] {dag.py:3239} INFO - Sync 1 DAGs
[2025-04-24T06:23:53.556+0000] {logging_mixin.py:190} INFO - [2025-04-24T06:23:53.556+0000] {dag.py:4180} INFO - Setting next_dagrun for news_etl to None, run_after=None
[2025-04-24T06:23:53.569+0000] {processor.py:208} INFO - Processing /opt/airflow/dags/New_ETL.py took 0.070 seconds
[2025-04-24T06:24:23.719+0000] {processor.py:186} INFO - Started process (PID=167) to work on /opt/airflow/dags/New_ETL.py
[2025-04-24T06:24:23.720+0000] {processor.py:914} INFO - Processing file /opt/airflow/dags/New_ETL.py for tasks to queue
[2025-04-24T06:24:23.722+0000] {logging_mixin.py:190} INFO - [2025-04-24T06:24:23.721+0000] {dagbag.py:588} INFO - Filling up the DagBag from /opt/airflow/dags/New_ETL.py
[2025-04-24T06:24:23.734+0000] {processor.py:925} INFO - DAG(s) 'news_etl' retrieved from /opt/airflow/dags/New_ETL.py
[2025-04-24T06:24:23.755+0000] {logging_mixin.py:190} INFO - [2025-04-24T06:24:23.754+0000] {dag.py:3239} INFO - Sync 1 DAGs
[2025-04-24T06:24:23.766+0000] {logging_mixin.py:190} INFO - [2025-04-24T06:24:23.766+0000] {dag.py:4180} INFO - Setting next_dagrun for news_etl to None, run_after=None
[2025-04-24T06:24:23.781+0000] {processor.py:208} INFO - Processing /opt/airflow/dags/New_ETL.py took 0.066 seconds
[2025-04-24T06:24:53.976+0000] {processor.py:186} INFO - Started process (PID=175) to work on /opt/airflow/dags/New_ETL.py
[2025-04-24T06:24:53.977+0000] {processor.py:914} INFO - Processing file /opt/airflow/dags/New_ETL.py for tasks to queue
[2025-04-24T06:24:53.980+0000] {logging_mixin.py:190} INFO - [2025-04-24T06:24:53.979+0000] {dagbag.py:588} INFO - Filling up the DagBag from /opt/airflow/dags/New_ETL.py
[2025-04-24T06:24:53.990+0000] {processor.py:925} INFO - DAG(s) 'news_etl' retrieved from /opt/airflow/dags/New_ETL.py
[2025-04-24T06:24:54.007+0000] {logging_mixin.py:190} INFO - [2025-04-24T06:24:54.007+0000] {dag.py:3239} INFO - Sync 1 DAGs
[2025-04-24T06:24:54.018+0000] {logging_mixin.py:190} INFO - [2025-04-24T06:24:54.018+0000] {dag.py:4180} INFO - Setting next_dagrun for news_etl to None, run_after=None
[2025-04-24T06:24:54.032+0000] {processor.py:208} INFO - Processing /opt/airflow/dags/New_ETL.py took 0.060 seconds
[2025-04-24T06:25:24.277+0000] {processor.py:186} INFO - Started process (PID=184) to work on /opt/airflow/dags/New_ETL.py
[2025-04-24T06:25:24.278+0000] {processor.py:914} INFO - Processing file /opt/airflow/dags/New_ETL.py for tasks to queue
[2025-04-24T06:25:24.281+0000] {logging_mixin.py:190} INFO - [2025-04-24T06:25:24.280+0000] {dagbag.py:588} INFO - Filling up the DagBag from /opt/airflow/dags/New_ETL.py
[2025-04-24T06:25:24.289+0000] {processor.py:925} INFO - DAG(s) 'news_etl' retrieved from /opt/airflow/dags/New_ETL.py
[2025-04-24T06:25:24.306+0000] {logging_mixin.py:190} INFO - [2025-04-24T06:25:24.306+0000] {dag.py:3239} INFO - Sync 1 DAGs
[2025-04-24T06:25:24.317+0000] {logging_mixin.py:190} INFO - [2025-04-24T06:25:24.316+0000] {dag.py:4180} INFO - Setting next_dagrun for news_etl to None, run_after=None
[2025-04-24T06:25:24.329+0000] {processor.py:208} INFO - Processing /opt/airflow/dags/New_ETL.py took 0.056 seconds
[2025-04-24T06:25:54.495+0000] {processor.py:186} INFO - Started process (PID=192) to work on /opt/airflow/dags/New_ETL.py
[2025-04-24T06:25:54.495+0000] {processor.py:914} INFO - Processing file /opt/airflow/dags/New_ETL.py for tasks to queue
[2025-04-24T06:25:54.499+0000] {logging_mixin.py:190} INFO - [2025-04-24T06:25:54.498+0000] {dagbag.py:588} INFO - Filling up the DagBag from /opt/airflow/dags/New_ETL.py
[2025-04-24T06:25:54.510+0000] {processor.py:925} INFO - DAG(s) 'news_etl' retrieved from /opt/airflow/dags/New_ETL.py
[2025-04-24T06:25:54.530+0000] {logging_mixin.py:190} INFO - [2025-04-24T06:25:54.530+0000] {dag.py:3239} INFO - Sync 1 DAGs
[2025-04-24T06:25:54.541+0000] {logging_mixin.py:190} INFO - [2025-04-24T06:25:54.541+0000] {dag.py:4180} INFO - Setting next_dagrun for news_etl to None, run_after=None
[2025-04-24T06:25:54.554+0000] {processor.py:208} INFO - Processing /opt/airflow/dags/New_ETL.py took 0.064 seconds
[2025-04-24T06:26:24.739+0000] {processor.py:186} INFO - Started process (PID=200) to work on /opt/airflow/dags/New_ETL.py
[2025-04-24T06:26:24.740+0000] {processor.py:914} INFO - Processing file /opt/airflow/dags/New_ETL.py for tasks to queue
[2025-04-24T06:26:24.742+0000] {logging_mixin.py:190} INFO - [2025-04-24T06:26:24.742+0000] {dagbag.py:588} INFO - Filling up the DagBag from /opt/airflow/dags/New_ETL.py
[2025-04-24T06:26:24.752+0000] {processor.py:925} INFO - DAG(s) 'news_etl' retrieved from /opt/airflow/dags/New_ETL.py
[2025-04-24T06:26:24.771+0000] {logging_mixin.py:190} INFO - [2025-04-24T06:26:24.771+0000] {dag.py:3239} INFO - Sync 1 DAGs
[2025-04-24T06:26:24.782+0000] {logging_mixin.py:190} INFO - [2025-04-24T06:26:24.781+0000] {dag.py:4180} INFO - Setting next_dagrun for news_etl to None, run_after=None
[2025-04-24T06:26:24.797+0000] {processor.py:208} INFO - Processing /opt/airflow/dags/New_ETL.py took 0.061 seconds
[2025-04-24T06:26:54.986+0000] {processor.py:186} INFO - Started process (PID=208) to work on /opt/airflow/dags/New_ETL.py
[2025-04-24T06:26:54.987+0000] {processor.py:914} INFO - Processing file /opt/airflow/dags/New_ETL.py for tasks to queue
[2025-04-24T06:26:54.989+0000] {logging_mixin.py:190} INFO - [2025-04-24T06:26:54.988+0000] {dagbag.py:588} INFO - Filling up the DagBag from /opt/airflow/dags/New_ETL.py
[2025-04-24T06:26:55.004+0000] {processor.py:925} INFO - DAG(s) 'news_etl' retrieved from /opt/airflow/dags/New_ETL.py
[2025-04-24T06:26:55.021+0000] {logging_mixin.py:190} INFO - [2025-04-24T06:26:55.021+0000] {dag.py:3239} INFO - Sync 1 DAGs
[2025-04-24T06:26:55.032+0000] {logging_mixin.py:190} INFO - [2025-04-24T06:26:55.032+0000] {dag.py:4180} INFO - Setting next_dagrun for news_etl to None, run_after=None
[2025-04-24T06:26:55.054+0000] {processor.py:208} INFO - Processing /opt/airflow/dags/New_ETL.py took 0.072 seconds
[2025-04-24T06:27:25.276+0000] {processor.py:186} INFO - Started process (PID=216) to work on /opt/airflow/dags/New_ETL.py
[2025-04-24T06:27:25.276+0000] {processor.py:914} INFO - Processing file /opt/airflow/dags/New_ETL.py for tasks to queue
[2025-04-24T06:27:25.278+0000] {logging_mixin.py:190} INFO - [2025-04-24T06:27:25.277+0000] {dagbag.py:588} INFO - Filling up the DagBag from /opt/airflow/dags/New_ETL.py
[2025-04-24T06:27:25.286+0000] {processor.py:925} INFO - DAG(s) 'news_etl' retrieved from /opt/airflow/dags/New_ETL.py
[2025-04-24T06:27:25.300+0000] {logging_mixin.py:190} INFO - [2025-04-24T06:27:25.300+0000] {dag.py:3239} INFO - Sync 1 DAGs
[2025-04-24T06:27:25.309+0000] {logging_mixin.py:190} INFO - [2025-04-24T06:27:25.309+0000] {dag.py:4180} INFO - Setting next_dagrun for news_etl to None, run_after=None
[2025-04-24T06:27:25.321+0000] {processor.py:208} INFO - Processing /opt/airflow/dags/New_ETL.py took 0.049 seconds
[2025-04-24T06:27:55.669+0000] {processor.py:186} INFO - Started process (PID=224) to work on /opt/airflow/dags/New_ETL.py
[2025-04-24T06:27:55.670+0000] {processor.py:914} INFO - Processing file /opt/airflow/dags/New_ETL.py for tasks to queue
[2025-04-24T06:27:55.672+0000] {logging_mixin.py:190} INFO - [2025-04-24T06:27:55.671+0000] {dagbag.py:588} INFO - Filling up the DagBag from /opt/airflow/dags/New_ETL.py
[2025-04-24T06:27:55.682+0000] {processor.py:925} INFO - DAG(s) 'news_etl' retrieved from /opt/airflow/dags/New_ETL.py
[2025-04-24T06:27:55.697+0000] {logging_mixin.py:190} INFO - [2025-04-24T06:27:55.697+0000] {dag.py:3239} INFO - Sync 1 DAGs
[2025-04-24T06:27:55.705+0000] {logging_mixin.py:190} INFO - [2025-04-24T06:27:55.705+0000] {dag.py:4180} INFO - Setting next_dagrun for news_etl to None, run_after=None
[2025-04-24T06:27:55.717+0000] {processor.py:208} INFO - Processing /opt/airflow/dags/New_ETL.py took 0.051 seconds
[2025-04-24T06:28:25.995+0000] {processor.py:186} INFO - Started process (PID=232) to work on /opt/airflow/dags/New_ETL.py
[2025-04-24T06:28:25.996+0000] {processor.py:914} INFO - Processing file /opt/airflow/dags/New_ETL.py for tasks to queue
[2025-04-24T06:28:25.998+0000] {logging_mixin.py:190} INFO - [2025-04-24T06:28:25.997+0000] {dagbag.py:588} INFO - Filling up the DagBag from /opt/airflow/dags/New_ETL.py
[2025-04-24T06:28:26.012+0000] {processor.py:925} INFO - DAG(s) 'news_etl' retrieved from /opt/airflow/dags/New_ETL.py
[2025-04-24T06:28:26.026+0000] {logging_mixin.py:190} INFO - [2025-04-24T06:28:26.026+0000] {dag.py:3239} INFO - Sync 1 DAGs
[2025-04-24T06:28:26.035+0000] {logging_mixin.py:190} INFO - [2025-04-24T06:28:26.035+0000] {dag.py:4180} INFO - Setting next_dagrun for news_etl to None, run_after=None
[2025-04-24T06:28:26.047+0000] {processor.py:208} INFO - Processing /opt/airflow/dags/New_ETL.py took 0.055 seconds
[2025-04-24T06:28:56.354+0000] {processor.py:186} INFO - Started process (PID=240) to work on /opt/airflow/dags/New_ETL.py
[2025-04-24T06:28:56.355+0000] {processor.py:914} INFO - Processing file /opt/airflow/dags/New_ETL.py for tasks to queue
[2025-04-24T06:28:56.357+0000] {logging_mixin.py:190} INFO - [2025-04-24T06:28:56.357+0000] {dagbag.py:588} INFO - Filling up the DagBag from /opt/airflow/dags/New_ETL.py
[2025-04-24T06:28:56.364+0000] {processor.py:925} INFO - DAG(s) 'news_etl' retrieved from /opt/airflow/dags/New_ETL.py
[2025-04-24T06:28:56.382+0000] {logging_mixin.py:190} INFO - [2025-04-24T06:28:56.382+0000] {dag.py:3239} INFO - Sync 1 DAGs
[2025-04-24T06:28:56.395+0000] {logging_mixin.py:190} INFO - [2025-04-24T06:28:56.395+0000] {dag.py:4180} INFO - Setting next_dagrun for news_etl to None, run_after=None
[2025-04-24T06:28:56.410+0000] {processor.py:208} INFO - Processing /opt/airflow/dags/New_ETL.py took 0.060 seconds
[2025-04-24T06:29:26.622+0000] {processor.py:186} INFO - Started process (PID=248) to work on /opt/airflow/dags/New_ETL.py
[2025-04-24T06:29:26.623+0000] {processor.py:914} INFO - Processing file /opt/airflow/dags/New_ETL.py for tasks to queue
[2025-04-24T06:29:26.625+0000] {logging_mixin.py:190} INFO - [2025-04-24T06:29:26.625+0000] {dagbag.py:588} INFO - Filling up the DagBag from /opt/airflow/dags/New_ETL.py
[2025-04-24T06:29:26.637+0000] {processor.py:925} INFO - DAG(s) 'news_etl' retrieved from /opt/airflow/dags/New_ETL.py
[2025-04-24T06:29:26.652+0000] {logging_mixin.py:190} INFO - [2025-04-24T06:29:26.652+0000] {dag.py:3239} INFO - Sync 1 DAGs
[2025-04-24T06:29:26.661+0000] {logging_mixin.py:190} INFO - [2025-04-24T06:29:26.661+0000] {dag.py:4180} INFO - Setting next_dagrun for news_etl to None, run_after=None
[2025-04-24T06:29:26.679+0000] {processor.py:208} INFO - Processing /opt/airflow/dags/New_ETL.py took 0.061 seconds
[2025-04-24T06:29:56.970+0000] {processor.py:186} INFO - Started process (PID=256) to work on /opt/airflow/dags/New_ETL.py
[2025-04-24T06:29:56.970+0000] {processor.py:914} INFO - Processing file /opt/airflow/dags/New_ETL.py for tasks to queue
[2025-04-24T06:29:56.972+0000] {logging_mixin.py:190} INFO - [2025-04-24T06:29:56.972+0000] {dagbag.py:588} INFO - Filling up the DagBag from /opt/airflow/dags/New_ETL.py
[2025-04-24T06:29:56.981+0000] {processor.py:925} INFO - DAG(s) 'news_etl' retrieved from /opt/airflow/dags/New_ETL.py
[2025-04-24T06:29:56.998+0000] {logging_mixin.py:190} INFO - [2025-04-24T06:29:56.998+0000] {dag.py:3239} INFO - Sync 1 DAGs
[2025-04-24T06:29:57.007+0000] {logging_mixin.py:190} INFO - [2025-04-24T06:29:57.007+0000] {dag.py:4180} INFO - Setting next_dagrun for news_etl to None, run_after=None
[2025-04-24T06:29:57.020+0000] {processor.py:208} INFO - Processing /opt/airflow/dags/New_ETL.py took 0.055 seconds
[2025-04-24T06:30:27.249+0000] {processor.py:186} INFO - Started process (PID=264) to work on /opt/airflow/dags/New_ETL.py
[2025-04-24T06:30:27.250+0000] {processor.py:914} INFO - Processing file /opt/airflow/dags/New_ETL.py for tasks to queue
[2025-04-24T06:30:27.251+0000] {logging_mixin.py:190} INFO - [2025-04-24T06:30:27.251+0000] {dagbag.py:588} INFO - Filling up the DagBag from /opt/airflow/dags/New_ETL.py
[2025-04-24T06:30:27.260+0000] {processor.py:925} INFO - DAG(s) 'news_etl' retrieved from /opt/airflow/dags/New_ETL.py
[2025-04-24T06:30:27.275+0000] {logging_mixin.py:190} INFO - [2025-04-24T06:30:27.275+0000] {dag.py:3239} INFO - Sync 1 DAGs
[2025-04-24T06:30:27.283+0000] {logging_mixin.py:190} INFO - [2025-04-24T06:30:27.283+0000] {dag.py:4180} INFO - Setting next_dagrun for news_etl to None, run_after=None
[2025-04-24T06:30:27.296+0000] {processor.py:208} INFO - Processing /opt/airflow/dags/New_ETL.py took 0.051 seconds
[2025-04-24T06:30:57.520+0000] {processor.py:186} INFO - Started process (PID=272) to work on /opt/airflow/dags/New_ETL.py
[2025-04-24T06:30:57.521+0000] {processor.py:914} INFO - Processing file /opt/airflow/dags/New_ETL.py for tasks to queue
[2025-04-24T06:30:57.522+0000] {logging_mixin.py:190} INFO - [2025-04-24T06:30:57.522+0000] {dagbag.py:588} INFO - Filling up the DagBag from /opt/airflow/dags/New_ETL.py
[2025-04-24T06:30:57.532+0000] {processor.py:925} INFO - DAG(s) 'news_etl' retrieved from /opt/airflow/dags/New_ETL.py
[2025-04-24T06:30:57.547+0000] {logging_mixin.py:190} INFO - [2025-04-24T06:30:57.547+0000] {dag.py:3239} INFO - Sync 1 DAGs
[2025-04-24T06:30:57.556+0000] {logging_mixin.py:190} INFO - [2025-04-24T06:30:57.556+0000] {dag.py:4180} INFO - Setting next_dagrun for news_etl to None, run_after=None
[2025-04-24T06:30:57.568+0000] {processor.py:208} INFO - Processing /opt/airflow/dags/New_ETL.py took 0.052 seconds
[2025-04-24T06:31:27.950+0000] {processor.py:186} INFO - Started process (PID=280) to work on /opt/airflow/dags/New_ETL.py
[2025-04-24T06:31:27.951+0000] {processor.py:914} INFO - Processing file /opt/airflow/dags/New_ETL.py for tasks to queue
[2025-04-24T06:31:27.952+0000] {logging_mixin.py:190} INFO - [2025-04-24T06:31:27.952+0000] {dagbag.py:588} INFO - Filling up the DagBag from /opt/airflow/dags/New_ETL.py
[2025-04-24T06:31:27.964+0000] {processor.py:925} INFO - DAG(s) 'news_etl' retrieved from /opt/airflow/dags/New_ETL.py
[2025-04-24T06:31:27.979+0000] {logging_mixin.py:190} INFO - [2025-04-24T06:31:27.978+0000] {dag.py:3239} INFO - Sync 1 DAGs
[2025-04-24T06:31:27.987+0000] {logging_mixin.py:190} INFO - [2025-04-24T06:31:27.987+0000] {dag.py:4180} INFO - Setting next_dagrun for news_etl to None, run_after=None
[2025-04-24T06:31:27.999+0000] {processor.py:208} INFO - Processing /opt/airflow/dags/New_ETL.py took 0.052 seconds
[2025-04-24T06:31:58.296+0000] {processor.py:186} INFO - Started process (PID=288) to work on /opt/airflow/dags/New_ETL.py
[2025-04-24T06:31:58.297+0000] {processor.py:914} INFO - Processing file /opt/airflow/dags/New_ETL.py for tasks to queue
[2025-04-24T06:31:58.299+0000] {logging_mixin.py:190} INFO - [2025-04-24T06:31:58.299+0000] {dagbag.py:588} INFO - Filling up the DagBag from /opt/airflow/dags/New_ETL.py
[2025-04-24T06:31:58.308+0000] {processor.py:925} INFO - DAG(s) 'news_etl' retrieved from /opt/airflow/dags/New_ETL.py
[2025-04-24T06:31:58.323+0000] {logging_mixin.py:190} INFO - [2025-04-24T06:31:58.323+0000] {dag.py:3239} INFO - Sync 1 DAGs
[2025-04-24T06:31:58.332+0000] {logging_mixin.py:190} INFO - [2025-04-24T06:31:58.332+0000] {dag.py:4180} INFO - Setting next_dagrun for news_etl to None, run_after=None
[2025-04-24T06:31:58.347+0000] {processor.py:208} INFO - Processing /opt/airflow/dags/New_ETL.py took 0.054 seconds
[2025-04-24T06:32:28.631+0000] {processor.py:186} INFO - Started process (PID=296) to work on /opt/airflow/dags/New_ETL.py
[2025-04-24T06:32:28.632+0000] {processor.py:914} INFO - Processing file /opt/airflow/dags/New_ETL.py for tasks to queue
[2025-04-24T06:32:28.634+0000] {logging_mixin.py:190} INFO - [2025-04-24T06:32:28.634+0000] {dagbag.py:588} INFO - Filling up the DagBag from /opt/airflow/dags/New_ETL.py
[2025-04-24T06:32:28.647+0000] {processor.py:925} INFO - DAG(s) 'news_etl' retrieved from /opt/airflow/dags/New_ETL.py
[2025-04-24T06:32:28.664+0000] {logging_mixin.py:190} INFO - [2025-04-24T06:32:28.664+0000] {dag.py:3239} INFO - Sync 1 DAGs
[2025-04-24T06:32:28.674+0000] {logging_mixin.py:190} INFO - [2025-04-24T06:32:28.674+0000] {dag.py:4180} INFO - Setting next_dagrun for news_etl to None, run_after=None
[2025-04-24T06:32:28.691+0000] {processor.py:208} INFO - Processing /opt/airflow/dags/New_ETL.py took 0.065 seconds
[2025-04-24T06:32:58.950+0000] {processor.py:186} INFO - Started process (PID=304) to work on /opt/airflow/dags/New_ETL.py
[2025-04-24T06:32:58.950+0000] {processor.py:914} INFO - Processing file /opt/airflow/dags/New_ETL.py for tasks to queue
[2025-04-24T06:32:58.953+0000] {logging_mixin.py:190} INFO - [2025-04-24T06:32:58.952+0000] {dagbag.py:588} INFO - Filling up the DagBag from /opt/airflow/dags/New_ETL.py
[2025-04-24T06:32:58.960+0000] {processor.py:925} INFO - DAG(s) 'news_etl' retrieved from /opt/airflow/dags/New_ETL.py
[2025-04-24T06:32:58.975+0000] {logging_mixin.py:190} INFO - [2025-04-24T06:32:58.975+0000] {dag.py:3239} INFO - Sync 1 DAGs
[2025-04-24T06:32:58.984+0000] {logging_mixin.py:190} INFO - [2025-04-24T06:32:58.983+0000] {dag.py:4180} INFO - Setting next_dagrun for news_etl to None, run_after=None
[2025-04-24T06:32:58.995+0000] {processor.py:208} INFO - Processing /opt/airflow/dags/New_ETL.py took 0.049 seconds
[2025-04-24T06:33:29.275+0000] {processor.py:186} INFO - Started process (PID=312) to work on /opt/airflow/dags/New_ETL.py
[2025-04-24T06:33:29.276+0000] {processor.py:914} INFO - Processing file /opt/airflow/dags/New_ETL.py for tasks to queue
[2025-04-24T06:33:29.279+0000] {logging_mixin.py:190} INFO - [2025-04-24T06:33:29.279+0000] {dagbag.py:588} INFO - Filling up the DagBag from /opt/airflow/dags/New_ETL.py
[2025-04-24T06:33:29.293+0000] {processor.py:925} INFO - DAG(s) 'news_etl' retrieved from /opt/airflow/dags/New_ETL.py
[2025-04-24T06:33:29.311+0000] {logging_mixin.py:190} INFO - [2025-04-24T06:33:29.311+0000] {dag.py:3239} INFO - Sync 1 DAGs
[2025-04-24T06:33:29.320+0000] {logging_mixin.py:190} INFO - [2025-04-24T06:33:29.320+0000] {dag.py:4180} INFO - Setting next_dagrun for news_etl to None, run_after=None
[2025-04-24T06:33:29.332+0000] {processor.py:208} INFO - Processing /opt/airflow/dags/New_ETL.py took 0.061 seconds
[2025-04-24T06:33:59.688+0000] {processor.py:186} INFO - Started process (PID=320) to work on /opt/airflow/dags/New_ETL.py
[2025-04-24T06:33:59.689+0000] {processor.py:914} INFO - Processing file /opt/airflow/dags/New_ETL.py for tasks to queue
[2025-04-24T06:33:59.691+0000] {logging_mixin.py:190} INFO - [2025-04-24T06:33:59.691+0000] {dagbag.py:588} INFO - Filling up the DagBag from /opt/airflow/dags/New_ETL.py
[2025-04-24T06:33:59.699+0000] {processor.py:925} INFO - DAG(s) 'news_etl' retrieved from /opt/airflow/dags/New_ETL.py
[2025-04-24T06:33:59.714+0000] {logging_mixin.py:190} INFO - [2025-04-24T06:33:59.714+0000] {dag.py:3239} INFO - Sync 1 DAGs
[2025-04-24T06:33:59.723+0000] {logging_mixin.py:190} INFO - [2025-04-24T06:33:59.723+0000] {dag.py:4180} INFO - Setting next_dagrun for news_etl to None, run_after=None
[2025-04-24T06:33:59.734+0000] {processor.py:208} INFO - Processing /opt/airflow/dags/New_ETL.py took 0.049 seconds
[2025-04-24T06:34:30.088+0000] {processor.py:186} INFO - Started process (PID=328) to work on /opt/airflow/dags/New_ETL.py
[2025-04-24T06:34:30.089+0000] {processor.py:914} INFO - Processing file /opt/airflow/dags/New_ETL.py for tasks to queue
[2025-04-24T06:34:30.091+0000] {logging_mixin.py:190} INFO - [2025-04-24T06:34:30.090+0000] {dagbag.py:588} INFO - Filling up the DagBag from /opt/airflow/dags/New_ETL.py
[2025-04-24T06:34:30.099+0000] {processor.py:925} INFO - DAG(s) 'news_etl' retrieved from /opt/airflow/dags/New_ETL.py
[2025-04-24T06:34:30.113+0000] {logging_mixin.py:190} INFO - [2025-04-24T06:34:30.113+0000] {dag.py:3239} INFO - Sync 1 DAGs
[2025-04-24T06:34:30.121+0000] {logging_mixin.py:190} INFO - [2025-04-24T06:34:30.121+0000] {dag.py:4180} INFO - Setting next_dagrun for news_etl to None, run_after=None
[2025-04-24T06:34:30.133+0000] {processor.py:208} INFO - Processing /opt/airflow/dags/New_ETL.py took 0.049 seconds
[2025-04-24T06:35:00.436+0000] {processor.py:186} INFO - Started process (PID=336) to work on /opt/airflow/dags/New_ETL.py
[2025-04-24T06:35:00.437+0000] {processor.py:914} INFO - Processing file /opt/airflow/dags/New_ETL.py for tasks to queue
[2025-04-24T06:35:00.439+0000] {logging_mixin.py:190} INFO - [2025-04-24T06:35:00.439+0000] {dagbag.py:588} INFO - Filling up the DagBag from /opt/airflow/dags/New_ETL.py
[2025-04-24T06:35:00.455+0000] {processor.py:925} INFO - DAG(s) 'news_etl' retrieved from /opt/airflow/dags/New_ETL.py
[2025-04-24T06:35:00.470+0000] {logging_mixin.py:190} INFO - [2025-04-24T06:35:00.470+0000] {dag.py:3239} INFO - Sync 1 DAGs
[2025-04-24T06:35:00.478+0000] {logging_mixin.py:190} INFO - [2025-04-24T06:35:00.478+0000] {dag.py:4180} INFO - Setting next_dagrun for news_etl to None, run_after=None
[2025-04-24T06:35:00.490+0000] {processor.py:208} INFO - Processing /opt/airflow/dags/New_ETL.py took 0.058 seconds
[2025-04-24T06:35:30.815+0000] {processor.py:186} INFO - Started process (PID=344) to work on /opt/airflow/dags/New_ETL.py
[2025-04-24T06:35:30.815+0000] {processor.py:914} INFO - Processing file /opt/airflow/dags/New_ETL.py for tasks to queue
[2025-04-24T06:35:30.817+0000] {logging_mixin.py:190} INFO - [2025-04-24T06:35:30.817+0000] {dagbag.py:588} INFO - Filling up the DagBag from /opt/airflow/dags/New_ETL.py
[2025-04-24T06:35:30.825+0000] {processor.py:925} INFO - DAG(s) 'news_etl' retrieved from /opt/airflow/dags/New_ETL.py
[2025-04-24T06:35:30.840+0000] {logging_mixin.py:190} INFO - [2025-04-24T06:35:30.839+0000] {dag.py:3239} INFO - Sync 1 DAGs
[2025-04-24T06:35:30.848+0000] {logging_mixin.py:190} INFO - [2025-04-24T06:35:30.848+0000] {dag.py:4180} INFO - Setting next_dagrun for news_etl to None, run_after=None
[2025-04-24T06:35:30.860+0000] {processor.py:208} INFO - Processing /opt/airflow/dags/New_ETL.py took 0.050 seconds
[2025-04-24T06:36:01.137+0000] {processor.py:186} INFO - Started process (PID=352) to work on /opt/airflow/dags/New_ETL.py
[2025-04-24T06:36:01.137+0000] {processor.py:914} INFO - Processing file /opt/airflow/dags/New_ETL.py for tasks to queue
[2025-04-24T06:36:01.139+0000] {logging_mixin.py:190} INFO - [2025-04-24T06:36:01.139+0000] {dagbag.py:588} INFO - Filling up the DagBag from /opt/airflow/dags/New_ETL.py
[2025-04-24T06:36:01.148+0000] {processor.py:925} INFO - DAG(s) 'news_etl' retrieved from /opt/airflow/dags/New_ETL.py
[2025-04-24T06:36:01.162+0000] {logging_mixin.py:190} INFO - [2025-04-24T06:36:01.162+0000] {dag.py:3239} INFO - Sync 1 DAGs
[2025-04-24T06:36:01.171+0000] {logging_mixin.py:190} INFO - [2025-04-24T06:36:01.171+0000] {dag.py:4180} INFO - Setting next_dagrun for news_etl to None, run_after=None
[2025-04-24T06:36:01.182+0000] {processor.py:208} INFO - Processing /opt/airflow/dags/New_ETL.py took 0.049 seconds
[2025-04-24T06:36:31.528+0000] {processor.py:186} INFO - Started process (PID=360) to work on /opt/airflow/dags/New_ETL.py
[2025-04-24T06:36:31.529+0000] {processor.py:914} INFO - Processing file /opt/airflow/dags/New_ETL.py for tasks to queue
[2025-04-24T06:36:31.531+0000] {logging_mixin.py:190} INFO - [2025-04-24T06:36:31.531+0000] {dagbag.py:588} INFO - Filling up the DagBag from /opt/airflow/dags/New_ETL.py
[2025-04-24T06:36:31.540+0000] {processor.py:925} INFO - DAG(s) 'news_etl' retrieved from /opt/airflow/dags/New_ETL.py
[2025-04-24T06:36:31.554+0000] {logging_mixin.py:190} INFO - [2025-04-24T06:36:31.554+0000] {dag.py:3239} INFO - Sync 1 DAGs
[2025-04-24T06:36:31.564+0000] {logging_mixin.py:190} INFO - [2025-04-24T06:36:31.563+0000] {dag.py:4180} INFO - Setting next_dagrun for news_etl to None, run_after=None
[2025-04-24T06:36:31.580+0000] {processor.py:208} INFO - Processing /opt/airflow/dags/New_ETL.py took 0.055 seconds
[2025-04-24T06:37:01.887+0000] {processor.py:186} INFO - Started process (PID=368) to work on /opt/airflow/dags/New_ETL.py
[2025-04-24T06:37:01.888+0000] {processor.py:914} INFO - Processing file /opt/airflow/dags/New_ETL.py for tasks to queue
[2025-04-24T06:37:01.890+0000] {logging_mixin.py:190} INFO - [2025-04-24T06:37:01.889+0000] {dagbag.py:588} INFO - Filling up the DagBag from /opt/airflow/dags/New_ETL.py
[2025-04-24T06:37:01.904+0000] {processor.py:925} INFO - DAG(s) 'news_etl' retrieved from /opt/airflow/dags/New_ETL.py
[2025-04-24T06:37:01.919+0000] {logging_mixin.py:190} INFO - [2025-04-24T06:37:01.919+0000] {dag.py:3239} INFO - Sync 1 DAGs
[2025-04-24T06:37:01.928+0000] {logging_mixin.py:190} INFO - [2025-04-24T06:37:01.928+0000] {dag.py:4180} INFO - Setting next_dagrun for news_etl to None, run_after=None
[2025-04-24T06:37:01.940+0000] {processor.py:208} INFO - Processing /opt/airflow/dags/New_ETL.py took 0.058 seconds
